arudy@ubuntuserver:~/docker$ docker-compose up
Building slave
Step 1/14 : FROM docker:dind
dind: Pulling from library/docker
c9b1b535fdd9: Pull complete
cd54125436dc: Pull complete
70d1554c15cb: Pull complete
c8a3718af663: Pull complete
f5d685e7204c: Pull complete
bd2db148201e: Pull complete
419c00a7b035: Pull complete
16cb82cf4941: Pull complete
db666592efe5: Pull complete
a3c2ab5c34a6: Pull complete
d4ab1e2460ab: Pull complete
Digest: sha256:a4f33d003b7ec9133c2a1ff61f4e80305b329c0fa8b753140b9ab2808f28328c
Status: Downloaded newer image for docker:dind
 ---> a33335bfe830
Step 2/14 : MAINTAINER Andrii Rudyi "studentota2lvl@gmail.com"
 ---> Running in 9a6dc06afa5b
Removing intermediate container 9a6dc06afa5b
 ---> 50584cd9cc76
Step 3/14 : ARG user=jenkins
 ---> Running in eb30ee1f08f1
Removing intermediate container eb30ee1f08f1
 ---> a20afa98cde5
Step 4/14 : ARG group=jenkins
 ---> Running in a3ddc274483a
Removing intermediate container a3ddc274483a
 ---> 628a194e1e7a
Step 5/14 : ARG uid=1000
 ---> Running in 0179c2e1dae8
Removing intermediate container 0179c2e1dae8
 ---> 49a4bcc5b649
Step 6/14 : ARG gid=1000
 ---> Running in 6c328be63811
Removing intermediate container 6c328be63811
 ---> 5ccffb774813
Step 7/14 : ARG JENKINS_HOME=/var/lib/jenkins/
 ---> Running in aaca360212cd
Removing intermediate container aaca360212cd
 ---> 3ae009e7a5ec
Step 8/14 : ADD https://raw.githubusercontent.com/danielguerra69/alpine-sshd/master/docker-entrypoint.sh /usr/local/bin/sshd-entrypoint.sh

 ---> 74f68cbd3d8b
Step 9/14 : COPY ./key.pub "$JENKINS_HOME".ssh/authorized_keys
 ---> a04b3badeeef
Step 10/14 : COPY ./supervisord.conf /supervisord.conf
 ---> 258db5e04403
Step 11/14 : RUN apk update && 	apk --no-cache add openjdk11 --repository=http://dl-cdn.alpinelinux.org/alpine/edge/community && 	apk add git && 	apk add --no-cache openssh && 	apk add supervisor && 	rm  -rf /tmp/* /var/cache/apk/* /var/run/docker.pid && 	mkdir -p "$JENKINS_HOME" &&   	chown "${uid}":"${gid}" "$JENKINS_HOME" &&   	addgroup -g "${gid}" "${group}" &&   	adduser -h "$JENKINS_HOME" -u "${uid}" -G "${group}" -s /bin/sh -D "${user}" &&   	addgroup docker &&   	addgroup "${user}" docker && 	ln -s /usr/local/bin/docker /bin/docker &&   	sed -i s/"${user}:!"/"${user}:*"/g /etc/shadow && 	chown -Rh "${user}":"${user}" "$JENKINS_HOME" && 	chmod 600 "$JENKINS_HOME".ssh/* && 	chmod +x /usr/local/bin/sshd-entrypoint.sh
 ---> Running in a78cc919ec61
fetch http://dl-cdn.alpinelinux.org/alpine/v3.11/main/x86_64/APKINDEX.tar.gz
fetch http://dl-cdn.alpinelinux.org/alpine/v3.11/community/x86_64/APKINDEX.tar.gz
v3.11.3-63-g6739467f83 [http://dl-cdn.alpinelinux.org/alpine/v3.11/main]
v3.11.3-60-gb3a10d424a [http://dl-cdn.alpinelinux.org/alpine/v3.11/community]
OK: 11263 distinct packages available
fetch http://dl-cdn.alpinelinux.org/alpine/edge/community/x86_64/APKINDEX.tar.gz
fetch http://dl-cdn.alpinelinux.org/alpine/v3.11/main/x86_64/APKINDEX.tar.gz
fetch http://dl-cdn.alpinelinux.org/alpine/v3.11/community/x86_64/APKINDEX.tar.gz
(1/29) Installing openjdk11-jmods (11.0.6_p10-r0)
(2/29) Installing openjdk11-demos (11.0.6_p10-r0)
(3/29) Installing openjdk11-doc (11.0.6_p10-r0)
(4/29) Installing java-common (0.2-r0)
(5/29) Installing libffi (3.2.1-r6)
(6/29) Installing p11-kit (0.23.18.1-r0)
(7/29) Installing libtasn1 (4.15.0-r0)
(8/29) Installing p11-kit-trust (0.23.18.1-r0)
(9/29) Installing java-cacerts (1.0-r0)
(10/29) Installing openjdk11-jre-headless (11.0.6_p10-r0)
(11/29) Installing libxau (1.0.9-r0)
(12/29) Installing libbsd (0.10.0-r0)
(13/29) Installing libxdmcp (1.1.3-r0)
(14/29) Installing libxcb (1.13.1-r0)
(15/29) Installing libx11 (1.6.9-r0)
(16/29) Installing libxext (1.3.4-r0)
(17/29) Installing libxi (1.7.10-r0)
(18/29) Installing libxrender (0.9.10-r3)
(19/29) Installing libxtst (1.2.3-r3)
(20/29) Installing alsa-lib (1.2.1.2-r0)
(21/29) Installing libbz2 (1.0.8-r1)
(22/29) Installing libpng (1.6.37-r1)
(23/29) Installing freetype (2.10.1-r0)
(24/29) Installing giflib (5.2.1-r0)
(25/29) Installing libjpeg-turbo (2.0.4-r0)
(26/29) Installing lcms2 (2.9-r1)
(27/29) Installing openjdk11-jre (11.0.6_p10-r0)
(28/29) Installing openjdk11-jdk (11.0.6_p10-r0)
(29/29) Installing openjdk11 (11.0.6_p10-r0)
Executing busybox-1.31.1-r9.trigger
Executing ca-certificates-20191127-r0.trigger
Executing java-common-0.2-r0.trigger
OK: 289 MiB in 75 packages
(1/5) Installing nghttp2-libs (1.40.0-r0)
(2/5) Installing libcurl (7.67.0-r0)
(3/5) Installing expat (2.2.9-r1)
(4/5) Installing pcre2 (10.34-r1)
(5/5) Installing git (2.24.1-r0)
Executing busybox-1.31.1-r9.trigger
OK: 304 MiB in 80 packages
fetch http://dl-cdn.alpinelinux.org/alpine/v3.11/main/x86_64/APKINDEX.tar.gz
fetch http://dl-cdn.alpinelinux.org/alpine/v3.11/community/x86_64/APKINDEX.tar.gz
(1/4) Installing openssh-sftp-server (8.1_p1-r0)
(2/4) Installing openssh-server-common (8.1_p1-r0)
(3/4) Installing openssh-server (8.1_p1-r0)
(4/4) Installing openssh (8.1_p1-r0)
Executing busybox-1.31.1-r9.trigger
OK: 305 MiB in 84 packages
(1/7) Installing gdbm (1.13-r1)
(2/7) Installing readline (8.0.1-r0)
(3/7) Installing sqlite-libs (3.30.1-r1)
(4/7) Installing python3 (3.8.1-r0)
(5/7) Installing py3-meld3 (2.0.0-r1)
(6/7) Installing py3-setuptools (42.0.2-r0)
(7/7) Installing supervisor (4.1.0-r0)
Executing busybox-1.31.1-r9.trigger
OK: 371 MiB in 91 packages
Removing intermediate container a78cc919ec61
 ---> feb64ecdbeab
Step 12/14 : EXPOSE 22
 ---> Running in 9171cf7c8ddf
Removing intermediate container 9171cf7c8ddf
 ---> c5e5f0a17bd9
Step 13/14 : ENTRYPOINT ["/usr/bin/supervisord"]
 ---> Running in 8f27f7d8aa5b
Removing intermediate container 8f27f7d8aa5b
 ---> 8f49cda177f4
Step 14/14 : CMD ["-c","/supervisord.conf"]
 ---> Running in e565e9e54c57
Removing intermediate container e565e9e54c57
 ---> 1dd72c92bdf9

Successfully built 1dd72c92bdf9
Successfully tagged docker_slave:latest
WARNING: Image for service slave was built because it did not already exist. To rebuild this image you must use `docker-compose build` or `docker-compose up --build`.
Building master
Step 1/12 : FROM ubuntu:bionic
bionic: Pulling from library/ubuntu
5c939e3a4d10: Pull complete
c63719cdbe7a: Pull complete
19a861ea6baf: Pull complete
651c9d2d6c4f: Pull complete
Digest: sha256:8d31dad0c58f552e890d68bbfb735588b6b820a46e459672d96e585871acc110
Status: Downloaded newer image for ubuntu:bionic
 ---> ccc6e87d482b
Step 2/12 : MAINTAINER Andrii Rudyi "studentota2lvl@gmail.com"
 ---> Running in d0cdf8082a51
Removing intermediate container d0cdf8082a51
 ---> e82f27179535
Step 3/12 : RUN apt-get update &&     apt-get --no-install-recommends install -q -y openjdk-8-jre-headless nginx git openssh-client &&     rm -rf /var/lib/apt/lists/* &&     mkdir -p /etc/nginx/sites-available/jenkins
 ---> Running in ef538326db77
Get:1 http://security.ubuntu.com/ubuntu bionic-security InRelease [88.7 kB]
Get:2 http://archive.ubuntu.com/ubuntu bionic InRelease [242 kB]
Get:3 http://security.ubuntu.com/ubuntu bionic-security/multiverse amd64 Packages [7064 B]
Get:4 http://security.ubuntu.com/ubuntu bionic-security/restricted amd64 Packages [27.5 kB]
Get:5 http://security.ubuntu.com/ubuntu bionic-security/universe amd64 Packages [818 kB]
Get:6 http://archive.ubuntu.com/ubuntu bionic-updates InRelease [88.7 kB]
Get:7 http://archive.ubuntu.com/ubuntu bionic-backports InRelease [74.6 kB]
Get:8 http://archive.ubuntu.com/ubuntu bionic/universe amd64 Packages [11.3 MB]
Get:9 http://security.ubuntu.com/ubuntu bionic-security/main amd64 Packages [817 kB]
Get:10 http://archive.ubuntu.com/ubuntu bionic/multiverse amd64 Packages [186 kB]
Get:11 http://archive.ubuntu.com/ubuntu bionic/restricted amd64 Packages [13.5 kB]
Get:12 http://archive.ubuntu.com/ubuntu bionic/main amd64 Packages [1344 kB]
Get:13 http://archive.ubuntu.com/ubuntu bionic-updates/restricted amd64 Packages [41.2 kB]
Get:14 http://archive.ubuntu.com/ubuntu bionic-updates/main amd64 Packages [1104 kB]
Get:15 http://archive.ubuntu.com/ubuntu bionic-updates/multiverse amd64 Packages [11.1 kB]
Get:16 http://archive.ubuntu.com/ubuntu bionic-updates/universe amd64 Packages [1345 kB]
Get:17 http://archive.ubuntu.com/ubuntu bionic-backports/universe amd64 Packages [4252 B]
Get:18 http://archive.ubuntu.com/ubuntu bionic-backports/main amd64 Packages [2496 B]
Fetched 17.6 MB in 23s (750 kB/s)
Reading package lists...
Reading package lists...
Building dependency tree...
Reading state information...
The following additional packages will be installed:
  ca-certificates ca-certificates-java fontconfig-config fonts-dejavu-core
  git-man iproute2 java-common libasn1-8-heimdal libavahi-client3
  libavahi-common-data libavahi-common3 libbsd0 libcups2 libcurl3-gnutls
  libdbus-1-3 libedit2 libelf1 liberror-perl libexpat1 libfontconfig1
  libfreetype6 libgd3 libgdbm-compat4 libgdbm5 libgeoip1 libgssapi-krb5-2
  libgssapi3-heimdal libhcrypto4-heimdal libheimbase1-heimdal
  libheimntlm0-heimdal libhx509-5-heimdal libicu60 libjbig0 libjpeg-turbo8
  libjpeg8 libk5crypto3 libkeyutils1 libkrb5-26-heimdal libkrb5-3
  libkrb5support0 liblcms2-2 libldap-2.4-2 libldap-common libmnl0
  libnghttp2-14 libnginx-mod-http-geoip libnginx-mod-http-image-filter
  libnginx-mod-http-xslt-filter libnginx-mod-mail libnginx-mod-stream libnspr4
  libnss3 libpcsclite1 libperl5.26 libpng16-16 libpsl5 libroken18-heimdal
  librtmp1 libsasl2-2 libsasl2-modules-db libsqlite3-0 libssl1.0.0 libssl1.1
  libtiff5 libwebp6 libwind0-heimdal libx11-6 libx11-data libxau6 libxcb1
  libxdmcp6 libxext6 libxi6 libxml2 libxpm4 libxrender1 libxslt1.1 libxtst6
  multiarch-support nginx-common nginx-core openssl perl perl-modules-5.26 ucf
  x11-common
Suggested packages:
  gettext-base git-daemon-run | git-daemon-sysvinit git-doc git-el git-email
  git-gui gitk gitweb git-cvs git-mediawiki git-svn iproute2-doc default-jre
  cups-common libgd-tools gdbm-l10n geoip-bin krb5-doc krb5-user
  liblcms2-utils pcscd fcgiwrap nginx-doc ssl-cert libnss-mdns
  fonts-dejavu-extra fonts-ipafont-gothic fonts-ipafont-mincho
  fonts-wqy-microhei fonts-wqy-zenhei fonts-indic keychain libpam-ssh
  monkeysphere ssh-askpass perl-doc libterm-readline-gnu-perl
  | libterm-readline-perl-perl make
Recommended packages:
  patch less libatm1 libxtables12 dbus geoip-database krb5-locales
  publicsuffix libsasl2-modules xauth netbase
The following NEW packages will be installed:
  ca-certificates ca-certificates-java fontconfig-config fonts-dejavu-core git
  git-man iproute2 java-common libasn1-8-heimdal libavahi-client3
  libavahi-common-data libavahi-common3 libbsd0 libcups2 libcurl3-gnutls
  libdbus-1-3 libedit2 libelf1 liberror-perl libexpat1 libfontconfig1
  libfreetype6 libgd3 libgdbm-compat4 libgdbm5 libgeoip1 libgssapi-krb5-2
  libgssapi3-heimdal libhcrypto4-heimdal libheimbase1-heimdal
  libheimntlm0-heimdal libhx509-5-heimdal libicu60 libjbig0 libjpeg-turbo8
  libjpeg8 libk5crypto3 libkeyutils1 libkrb5-26-heimdal libkrb5-3
  libkrb5support0 liblcms2-2 libldap-2.4-2 libldap-common libmnl0
  libnghttp2-14 libnginx-mod-http-geoip libnginx-mod-http-image-filter
  libnginx-mod-http-xslt-filter libnginx-mod-mail libnginx-mod-stream libnspr4
  libnss3 libpcsclite1 libperl5.26 libpng16-16 libpsl5 libroken18-heimdal
  librtmp1 libsasl2-2 libsasl2-modules-db libsqlite3-0 libssl1.0.0 libssl1.1
  libtiff5 libwebp6 libwind0-heimdal libx11-6 libx11-data libxau6 libxcb1
  libxdmcp6 libxext6 libxi6 libxml2 libxpm4 libxrender1 libxslt1.1 libxtst6
  multiarch-support nginx nginx-common nginx-core openjdk-8-jre-headless
  openssh-client openssl perl perl-modules-5.26 ucf x11-common
0 upgraded, 90 newly installed, 0 to remove and 18 not upgraded.
Need to get 60.6 MB of archives.
After this operation, 255 MB of additional disk space will be used.
Get:1 http://archive.ubuntu.com/ubuntu bionic/main amd64 multiarch-support amd64 2.27-3ubuntu1 [6916 B]
Get:2 http://archive.ubuntu.com/ubuntu bionic/main amd64 libxau6 amd64 1:1.0.8-1 [8376 B]
Get:3 http://archive.ubuntu.com/ubuntu bionic-updates/main amd64 libbsd0 amd64 0.8.7-1ubuntu0.1 [41.6 kB]
Get:4 http://archive.ubuntu.com/ubuntu bionic/main amd64 libxdmcp6 amd64 1:1.1.2-3 [10.7 kB]
Get:5 http://archive.ubuntu.com/ubuntu bionic-updates/main amd64 libxcb1 amd64 1.13-2~ubuntu18.04 [45.5 kB]
Get:6 http://archive.ubuntu.com/ubuntu bionic-updates/main amd64 libx11-data all 2:1.6.4-3ubuntu0.2 [113 kB]
Get:7 http://archive.ubuntu.com/ubuntu bionic-updates/main amd64 libx11-6 amd64 2:1.6.4-3ubuntu0.2 [569 kB]
Get:8 http://archive.ubuntu.com/ubuntu bionic/main amd64 libxext6 amd64 2:1.3.3-1 [29.4 kB]
Get:9 http://archive.ubuntu.com/ubuntu bionic-updates/main amd64 libjpeg-turbo8 amd64 1.5.2-0ubuntu5.18.04.3 [110 kB]
Get:10 http://archive.ubuntu.com/ubuntu bionic-updates/main amd64 perl-modules-5.26 all 5.26.1-6ubuntu0.3 [2763 kB]
Get:11 http://archive.ubuntu.com/ubuntu bionic/main amd64 libgdbm5 amd64 1.14.1-6 [26.0 kB]
Get:12 http://archive.ubuntu.com/ubuntu bionic/main amd64 libgdbm-compat4 amd64 1.14.1-6 [6084 B]
Get:13 http://archive.ubuntu.com/ubuntu bionic-updates/main amd64 libperl5.26 amd64 5.26.1-6ubuntu0.3 [3527 kB]
Get:14 http://archive.ubuntu.com/ubuntu bionic-updates/main amd64 perl amd64 5.26.1-6ubuntu0.3 [201 kB]
Get:15 http://archive.ubuntu.com/ubuntu bionic-updates/main amd64 libssl1.1 amd64 1.1.1-1ubuntu2.1~18.04.5 [1300 kB]
Get:16 http://archive.ubuntu.com/ubuntu bionic-updates/main amd64 openssl amd64 1.1.1-1ubuntu2.1~18.04.5 [613 kB]
Get:17 http://archive.ubuntu.com/ubuntu bionic/main amd64 ca-certificates all 20180409 [151 kB]
Get:18 http://archive.ubuntu.com/ubuntu bionic-updates/main amd64 libelf1 amd64 0.170-0.4ubuntu0.1 [44.8 kB]
Get:19 http://archive.ubuntu.com/ubuntu bionic/main amd64 libmnl0 amd64 1.0.4-2 [12.3 kB]
Get:20 http://archive.ubuntu.com/ubuntu bionic/main amd64 iproute2 amd64 4.15.0-2ubuntu1 [721 kB]
Get:21 http://archive.ubuntu.com/ubuntu bionic-updates/main amd64 libdbus-1-3 amd64 1.12.2-1ubuntu1.1 [175 kB]
Get:22 http://archive.ubuntu.com/ubuntu bionic-updates/main amd64 libexpat1 amd64 2.2.5-3ubuntu0.2 [80.5 kB]
Get:23 http://archive.ubuntu.com/ubuntu bionic/main amd64 libicu60 amd64 60.2-3ubuntu3 [8054 kB]
Get:24 http://archive.ubuntu.com/ubuntu bionic-updates/main amd64 libsqlite3-0 amd64 3.22.0-1ubuntu0.2 [498 kB]
Get:25 http://archive.ubuntu.com/ubuntu bionic-updates/main amd64 libxml2 amd64 2.9.4+dfsg1-6.1ubuntu1.3 [663 kB]
Get:26 http://archive.ubuntu.com/ubuntu bionic/main amd64 ucf all 3.0038 [50.5 kB]
Get:27 http://archive.ubuntu.com/ubuntu bionic/main amd64 libedit2 amd64 3.1-20170329-1 [76.9 kB]
Get:28 http://archive.ubuntu.com/ubuntu bionic/main amd64 libgeoip1 amd64 1.6.12-1 [71.8 kB]
Get:29 http://archive.ubuntu.com/ubuntu bionic-updates/main amd64 libkrb5support0 amd64 1.16-2ubuntu0.1 [30.9 kB]
Get:30 http://archive.ubuntu.com/ubuntu bionic-updates/main amd64 libk5crypto3 amd64 1.16-2ubuntu0.1 [85.6 kB]
Get:31 http://archive.ubuntu.com/ubuntu bionic/main amd64 libkeyutils1 amd64 1.5.9-9.2ubuntu2 [8720 B]
Get:32 http://archive.ubuntu.com/ubuntu bionic-updates/main amd64 libkrb5-3 amd64 1.16-2ubuntu0.1 [279 kB]
Get:33 http://archive.ubuntu.com/ubuntu bionic-updates/main amd64 libgssapi-krb5-2 amd64 1.16-2ubuntu0.1 [122 kB]
Get:34 http://archive.ubuntu.com/ubuntu bionic-updates/main amd64 libpng16-16 amd64 1.6.34-1ubuntu0.18.04.2 [176 kB]
Get:35 http://archive.ubuntu.com/ubuntu bionic/main amd64 libpsl5 amd64 0.19.1-5build1 [41.8 kB]
Get:36 http://archive.ubuntu.com/ubuntu bionic-updates/main amd64 libssl1.0.0 amd64 1.0.2n-1ubuntu5.3 [1088 kB]
Get:37 http://archive.ubuntu.com/ubuntu bionic-updates/main amd64 openssh-client amd64 1:7.6p1-4ubuntu0.3 [614 kB]
Get:38 http://archive.ubuntu.com/ubuntu bionic-updates/main amd64 java-common all 0.68ubuntu1~18.04.1 [14.5 kB]
Get:39 http://archive.ubuntu.com/ubuntu bionic-updates/main amd64 libavahi-common-data amd64 0.7-3.1ubuntu1.2 [22.1 kB]
Get:40 http://archive.ubuntu.com/ubuntu bionic-updates/main amd64 libavahi-common3 amd64 0.7-3.1ubuntu1.2 [21.6 kB]
Get:41 http://archive.ubuntu.com/ubuntu bionic-updates/main amd64 libavahi-client3 amd64 0.7-3.1ubuntu1.2 [25.2 kB]
Get:42 http://archive.ubuntu.com/ubuntu bionic-updates/main amd64 libcups2 amd64 2.2.7-1ubuntu2.7 [211 kB]
Get:43 http://archive.ubuntu.com/ubuntu bionic-updates/main amd64 liblcms2-2 amd64 2.9-1ubuntu0.1 [139 kB]
Get:44 http://archive.ubuntu.com/ubuntu bionic/main amd64 libjpeg8 amd64 8c-2ubuntu8 [2194 B]
Get:45 http://archive.ubuntu.com/ubuntu bionic/main amd64 libfreetype6 amd64 2.8.1-2ubuntu2 [335 kB]
Get:46 http://archive.ubuntu.com/ubuntu bionic/main amd64 fonts-dejavu-core all 2.37-1 [1041 kB]
Get:47 http://archive.ubuntu.com/ubuntu bionic/main amd64 fontconfig-config all 2.12.6-0ubuntu2 [55.8 kB]
Get:48 http://archive.ubuntu.com/ubuntu bionic/main amd64 libfontconfig1 amd64 2.12.6-0ubuntu2 [137 kB]
Get:49 http://archive.ubuntu.com/ubuntu bionic/main amd64 libnspr4 amd64 2:4.18-1ubuntu1 [112 kB]
Get:50 http://archive.ubuntu.com/ubuntu bionic-updates/main amd64 libnss3 amd64 2:3.35-2ubuntu2.7 [1135 kB]
Get:51 http://archive.ubuntu.com/ubuntu bionic/main amd64 libpcsclite1 amd64 1.8.23-1 [21.3 kB]
Get:52 http://archive.ubuntu.com/ubuntu bionic/main amd64 libxi6 amd64 2:1.7.9-1 [29.2 kB]
Get:53 http://archive.ubuntu.com/ubuntu bionic/main amd64 libxrender1 amd64 1:0.9.10-1 [18.7 kB]
Get:54 http://archive.ubuntu.com/ubuntu bionic-updates/main amd64 x11-common all 1:7.7+19ubuntu7.1 [22.5 kB]
Get:55 http://archive.ubuntu.com/ubuntu bionic/main amd64 libxtst6 amd64 2:1.2.3-1 [12.8 kB]
Get:56 http://archive.ubuntu.com/ubuntu bionic-updates/universe amd64 openjdk-8-jre-headless amd64 8u242-b08-0ubuntu3~18.04 [27.5 MB]
Get:57 http://archive.ubuntu.com/ubuntu bionic-updates/main amd64 ca-certificates-java all 20180516ubuntu1~18.04.1 [12.2 kB]
Get:58 http://archive.ubuntu.com/ubuntu bionic/main amd64 libroken18-heimdal amd64 7.5.0+dfsg-1 [41.3 kB]
Get:59 http://archive.ubuntu.com/ubuntu bionic/main amd64 libasn1-8-heimdal amd64 7.5.0+dfsg-1 [175 kB]
Get:60 http://archive.ubuntu.com/ubuntu bionic/main amd64 libheimbase1-heimdal amd64 7.5.0+dfsg-1 [29.3 kB]
Get:61 http://archive.ubuntu.com/ubuntu bionic/main amd64 libhcrypto4-heimdal amd64 7.5.0+dfsg-1 [85.9 kB]
Get:62 http://archive.ubuntu.com/ubuntu bionic/main amd64 libwind0-heimdal amd64 7.5.0+dfsg-1 [47.8 kB]
Get:63 http://archive.ubuntu.com/ubuntu bionic/main amd64 libhx509-5-heimdal amd64 7.5.0+dfsg-1 [107 kB]
Get:64 http://archive.ubuntu.com/ubuntu bionic/main amd64 libkrb5-26-heimdal amd64 7.5.0+dfsg-1 [206 kB]
Get:65 http://archive.ubuntu.com/ubuntu bionic/main amd64 libheimntlm0-heimdal amd64 7.5.0+dfsg-1 [14.8 kB]
Get:66 http://archive.ubuntu.com/ubuntu bionic/main amd64 libgssapi3-heimdal amd64 7.5.0+dfsg-1 [96.5 kB]
Get:67 http://archive.ubuntu.com/ubuntu bionic-updates/main amd64 libsasl2-modules-db amd64 2.1.27~101-g0780600+dfsg-3ubuntu2.1 [14.8 kB]
Get:68 http://archive.ubuntu.com/ubuntu bionic-updates/main amd64 libsasl2-2 amd64 2.1.27~101-g0780600+dfsg-3ubuntu2.1 [49.2 kB]
Get:69 http://archive.ubuntu.com/ubuntu bionic-updates/main amd64 libldap-common all 2.4.45+dfsg-1ubuntu1.4 [16.9 kB]
Get:70 http://archive.ubuntu.com/ubuntu bionic-updates/main amd64 libldap-2.4-2 amd64 2.4.45+dfsg-1ubuntu1.4 [155 kB]
Get:71 http://archive.ubuntu.com/ubuntu bionic/main amd64 libnghttp2-14 amd64 1.30.0-1ubuntu1 [77.8 kB]
Get:72 http://archive.ubuntu.com/ubuntu bionic/main amd64 librtmp1 amd64 2.4+20151223.gitfa8646d.1-1 [54.2 kB]
Get:73 http://archive.ubuntu.com/ubuntu bionic-updates/main amd64 libcurl3-gnutls amd64 7.58.0-2ubuntu3.8 [213 kB]
Get:74 http://archive.ubuntu.com/ubuntu bionic/main amd64 liberror-perl all 0.17025-1 [22.8 kB]
Get:75 http://archive.ubuntu.com/ubuntu bionic-updates/main amd64 git-man all 1:2.17.1-1ubuntu0.5 [803 kB]
Get:76 http://archive.ubuntu.com/ubuntu bionic-updates/main amd64 git amd64 1:2.17.1-1ubuntu0.5 [3912 kB]
Get:77 http://archive.ubuntu.com/ubuntu bionic/main amd64 libjbig0 amd64 2.1-3.1build1 [26.7 kB]
Get:78 http://archive.ubuntu.com/ubuntu bionic-updates/main amd64 libtiff5 amd64 4.0.9-5ubuntu0.3 [153 kB]
Get:79 http://archive.ubuntu.com/ubuntu bionic/main amd64 libwebp6 amd64 0.6.1-2 [185 kB]
Get:80 http://archive.ubuntu.com/ubuntu bionic/main amd64 libxpm4 amd64 1:3.5.12-1 [34.0 kB]
Get:81 http://archive.ubuntu.com/ubuntu bionic-updates/main amd64 libgd3 amd64 2.2.5-4ubuntu0.3 [119 kB]
Get:82 http://archive.ubuntu.com/ubuntu bionic-updates/main amd64 nginx-common all 1.14.0-0ubuntu1.7 [37.4 kB]
Get:83 http://archive.ubuntu.com/ubuntu bionic-updates/main amd64 libnginx-mod-http-geoip amd64 1.14.0-0ubuntu1.7 [11.2 kB]
Get:84 http://archive.ubuntu.com/ubuntu bionic-updates/main amd64 libnginx-mod-http-image-filter amd64 1.14.0-0ubuntu1.7 [14.6 kB]
Get:85 http://archive.ubuntu.com/ubuntu bionic-updates/main amd64 libxslt1.1 amd64 1.1.29-5ubuntu0.2 [150 kB]
Get:86 http://archive.ubuntu.com/ubuntu bionic-updates/main amd64 libnginx-mod-http-xslt-filter amd64 1.14.0-0ubuntu1.7 [13.0 kB]
Get:87 http://archive.ubuntu.com/ubuntu bionic-updates/main amd64 libnginx-mod-mail amd64 1.14.0-0ubuntu1.7 [41.8 kB]
Get:88 http://archive.ubuntu.com/ubuntu bionic-updates/main amd64 libnginx-mod-stream amd64 1.14.0-0ubuntu1.7 [63.7 kB]
Get:89 http://archive.ubuntu.com/ubuntu bionic-updates/main amd64 nginx-core amd64 1.14.0-0ubuntu1.7 [413 kB]
Get:90 http://archive.ubuntu.com/ubuntu bionic-updates/main amd64 nginx all 1.14.0-0ubuntu1.7 [3596 B]
debconf: delaying package configuration, since apt-utils is not installed
Fetched 60.6 MB in 60s (1008 kB/s)
Selecting previously unselected package multiarch-support.
(Reading database ... 4046 files and directories currently installed.)
Preparing to unpack .../multiarch-support_2.27-3ubuntu1_amd64.deb ...
Unpacking multiarch-support (2.27-3ubuntu1) ...
Setting up multiarch-support (2.27-3ubuntu1) ...
Selecting previously unselected package libxau6:amd64.
(Reading database ... 4049 files and directories currently installed.)
Preparing to unpack .../00-libxau6_1%3a1.0.8-1_amd64.deb ...
Unpacking libxau6:amd64 (1:1.0.8-1) ...
Selecting previously unselected package libbsd0:amd64.
Preparing to unpack .../01-libbsd0_0.8.7-1ubuntu0.1_amd64.deb ...
Unpacking libbsd0:amd64 (0.8.7-1ubuntu0.1) ...
Selecting previously unselected package libxdmcp6:amd64.
Preparing to unpack .../02-libxdmcp6_1%3a1.1.2-3_amd64.deb ...
Unpacking libxdmcp6:amd64 (1:1.1.2-3) ...
Selecting previously unselected package libxcb1:amd64.
Preparing to unpack .../03-libxcb1_1.13-2~ubuntu18.04_amd64.deb ...
Unpacking libxcb1:amd64 (1.13-2~ubuntu18.04) ...
Selecting previously unselected package libx11-data.
Preparing to unpack .../04-libx11-data_2%3a1.6.4-3ubuntu0.2_all.deb ...
Unpacking libx11-data (2:1.6.4-3ubuntu0.2) ...
Selecting previously unselected package libx11-6:amd64.
Preparing to unpack .../05-libx11-6_2%3a1.6.4-3ubuntu0.2_amd64.deb ...
Unpacking libx11-6:amd64 (2:1.6.4-3ubuntu0.2) ...
Selecting previously unselected package libxext6:amd64.
Preparing to unpack .../06-libxext6_2%3a1.3.3-1_amd64.deb ...
Unpacking libxext6:amd64 (2:1.3.3-1) ...
Selecting previously unselected package libjpeg-turbo8:amd64.
Preparing to unpack .../07-libjpeg-turbo8_1.5.2-0ubuntu5.18.04.3_amd64.deb ...
Unpacking libjpeg-turbo8:amd64 (1.5.2-0ubuntu5.18.04.3) ...
Selecting previously unselected package perl-modules-5.26.
Preparing to unpack .../08-perl-modules-5.26_5.26.1-6ubuntu0.3_all.deb ...
Unpacking perl-modules-5.26 (5.26.1-6ubuntu0.3) ...
Selecting previously unselected package libgdbm5:amd64.
Preparing to unpack .../09-libgdbm5_1.14.1-6_amd64.deb ...
Unpacking libgdbm5:amd64 (1.14.1-6) ...
Selecting previously unselected package libgdbm-compat4:amd64.
Preparing to unpack .../10-libgdbm-compat4_1.14.1-6_amd64.deb ...
Unpacking libgdbm-compat4:amd64 (1.14.1-6) ...
Selecting previously unselected package libperl5.26:amd64.
Preparing to unpack .../11-libperl5.26_5.26.1-6ubuntu0.3_amd64.deb ...
Unpacking libperl5.26:amd64 (5.26.1-6ubuntu0.3) ...
Selecting previously unselected package perl.
Preparing to unpack .../12-perl_5.26.1-6ubuntu0.3_amd64.deb ...
Unpacking perl (5.26.1-6ubuntu0.3) ...
Selecting previously unselected package libssl1.1:amd64.
Preparing to unpack .../13-libssl1.1_1.1.1-1ubuntu2.1~18.04.5_amd64.deb ...
Unpacking libssl1.1:amd64 (1.1.1-1ubuntu2.1~18.04.5) ...
Selecting previously unselected package openssl.
Preparing to unpack .../14-openssl_1.1.1-1ubuntu2.1~18.04.5_amd64.deb ...
Unpacking openssl (1.1.1-1ubuntu2.1~18.04.5) ...
Selecting previously unselected package ca-certificates.
Preparing to unpack .../15-ca-certificates_20180409_all.deb ...
Unpacking ca-certificates (20180409) ...
Selecting previously unselected package libelf1:amd64.
Preparing to unpack .../16-libelf1_0.170-0.4ubuntu0.1_amd64.deb ...
Unpacking libelf1:amd64 (0.170-0.4ubuntu0.1) ...
Selecting previously unselected package libmnl0:amd64.
Preparing to unpack .../17-libmnl0_1.0.4-2_amd64.deb ...
Unpacking libmnl0:amd64 (1.0.4-2) ...
Selecting previously unselected package iproute2.
Preparing to unpack .../18-iproute2_4.15.0-2ubuntu1_amd64.deb ...
Unpacking iproute2 (4.15.0-2ubuntu1) ...
Selecting previously unselected package libdbus-1-3:amd64.
Preparing to unpack .../19-libdbus-1-3_1.12.2-1ubuntu1.1_amd64.deb ...
Unpacking libdbus-1-3:amd64 (1.12.2-1ubuntu1.1) ...
Selecting previously unselected package libexpat1:amd64.
Preparing to unpack .../20-libexpat1_2.2.5-3ubuntu0.2_amd64.deb ...
Unpacking libexpat1:amd64 (2.2.5-3ubuntu0.2) ...
Selecting previously unselected package libicu60:amd64.
Preparing to unpack .../21-libicu60_60.2-3ubuntu3_amd64.deb ...
Unpacking libicu60:amd64 (60.2-3ubuntu3) ...
Selecting previously unselected package libsqlite3-0:amd64.
Preparing to unpack .../22-libsqlite3-0_3.22.0-1ubuntu0.2_amd64.deb ...
Unpacking libsqlite3-0:amd64 (3.22.0-1ubuntu0.2) ...
Selecting previously unselected package libxml2:amd64.
Preparing to unpack .../23-libxml2_2.9.4+dfsg1-6.1ubuntu1.3_amd64.deb ...
Unpacking libxml2:amd64 (2.9.4+dfsg1-6.1ubuntu1.3) ...
Selecting previously unselected package ucf.
Preparing to unpack .../24-ucf_3.0038_all.deb ...
Moving old data out of the way
Unpacking ucf (3.0038) ...
Selecting previously unselected package libedit2:amd64.
Preparing to unpack .../25-libedit2_3.1-20170329-1_amd64.deb ...
Unpacking libedit2:amd64 (3.1-20170329-1) ...
Selecting previously unselected package libgeoip1:amd64.
Preparing to unpack .../26-libgeoip1_1.6.12-1_amd64.deb ...
Unpacking libgeoip1:amd64 (1.6.12-1) ...
Selecting previously unselected package libkrb5support0:amd64.
Preparing to unpack .../27-libkrb5support0_1.16-2ubuntu0.1_amd64.deb ...
Unpacking libkrb5support0:amd64 (1.16-2ubuntu0.1) ...
Selecting previously unselected package libk5crypto3:amd64.
Preparing to unpack .../28-libk5crypto3_1.16-2ubuntu0.1_amd64.deb ...
Unpacking libk5crypto3:amd64 (1.16-2ubuntu0.1) ...
Selecting previously unselected package libkeyutils1:amd64.
Preparing to unpack .../29-libkeyutils1_1.5.9-9.2ubuntu2_amd64.deb ...
Unpacking libkeyutils1:amd64 (1.5.9-9.2ubuntu2) ...
Selecting previously unselected package libkrb5-3:amd64.
Preparing to unpack .../30-libkrb5-3_1.16-2ubuntu0.1_amd64.deb ...
Unpacking libkrb5-3:amd64 (1.16-2ubuntu0.1) ...
Selecting previously unselected package libgssapi-krb5-2:amd64.
Preparing to unpack .../31-libgssapi-krb5-2_1.16-2ubuntu0.1_amd64.deb ...
Unpacking libgssapi-krb5-2:amd64 (1.16-2ubuntu0.1) ...
Selecting previously unselected package libpng16-16:amd64.
Preparing to unpack .../32-libpng16-16_1.6.34-1ubuntu0.18.04.2_amd64.deb ...
Unpacking libpng16-16:amd64 (1.6.34-1ubuntu0.18.04.2) ...
Selecting previously unselected package libpsl5:amd64.
Preparing to unpack .../33-libpsl5_0.19.1-5build1_amd64.deb ...
Unpacking libpsl5:amd64 (0.19.1-5build1) ...
Selecting previously unselected package libssl1.0.0:amd64.
Preparing to unpack .../34-libssl1.0.0_1.0.2n-1ubuntu5.3_amd64.deb ...
Unpacking libssl1.0.0:amd64 (1.0.2n-1ubuntu5.3) ...
Selecting previously unselected package openssh-client.
Preparing to unpack .../35-openssh-client_1%3a7.6p1-4ubuntu0.3_amd64.deb ...
Unpacking openssh-client (1:7.6p1-4ubuntu0.3) ...
Selecting previously unselected package java-common.
Preparing to unpack .../36-java-common_0.68ubuntu1~18.04.1_all.deb ...
Unpacking java-common (0.68ubuntu1~18.04.1) ...
Selecting previously unselected package libavahi-common-data:amd64.
Preparing to unpack .../37-libavahi-common-data_0.7-3.1ubuntu1.2_amd64.deb ...
Unpacking libavahi-common-data:amd64 (0.7-3.1ubuntu1.2) ...
Selecting previously unselected package libavahi-common3:amd64.
Preparing to unpack .../38-libavahi-common3_0.7-3.1ubuntu1.2_amd64.deb ...
Unpacking libavahi-common3:amd64 (0.7-3.1ubuntu1.2) ...
Selecting previously unselected package libavahi-client3:amd64.
Preparing to unpack .../39-libavahi-client3_0.7-3.1ubuntu1.2_amd64.deb ...
Unpacking libavahi-client3:amd64 (0.7-3.1ubuntu1.2) ...
Selecting previously unselected package libcups2:amd64.
Preparing to unpack .../40-libcups2_2.2.7-1ubuntu2.7_amd64.deb ...
Unpacking libcups2:amd64 (2.2.7-1ubuntu2.7) ...
Selecting previously unselected package liblcms2-2:amd64.
Preparing to unpack .../41-liblcms2-2_2.9-1ubuntu0.1_amd64.deb ...
Unpacking liblcms2-2:amd64 (2.9-1ubuntu0.1) ...
Selecting previously unselected package libjpeg8:amd64.
Preparing to unpack .../42-libjpeg8_8c-2ubuntu8_amd64.deb ...
Unpacking libjpeg8:amd64 (8c-2ubuntu8) ...
Selecting previously unselected package libfreetype6:amd64.
Preparing to unpack .../43-libfreetype6_2.8.1-2ubuntu2_amd64.deb ...
Unpacking libfreetype6:amd64 (2.8.1-2ubuntu2) ...
Selecting previously unselected package fonts-dejavu-core.
Preparing to unpack .../44-fonts-dejavu-core_2.37-1_all.deb ...
Unpacking fonts-dejavu-core (2.37-1) ...
Selecting previously unselected package fontconfig-config.
Preparing to unpack .../45-fontconfig-config_2.12.6-0ubuntu2_all.deb ...
Unpacking fontconfig-config (2.12.6-0ubuntu2) ...
Selecting previously unselected package libfontconfig1:amd64.
Preparing to unpack .../46-libfontconfig1_2.12.6-0ubuntu2_amd64.deb ...
Unpacking libfontconfig1:amd64 (2.12.6-0ubuntu2) ...
Selecting previously unselected package libnspr4:amd64.
Preparing to unpack .../47-libnspr4_2%3a4.18-1ubuntu1_amd64.deb ...
Unpacking libnspr4:amd64 (2:4.18-1ubuntu1) ...
Selecting previously unselected package libnss3:amd64.
Preparing to unpack .../48-libnss3_2%3a3.35-2ubuntu2.7_amd64.deb ...
Unpacking libnss3:amd64 (2:3.35-2ubuntu2.7) ...
Selecting previously unselected package libpcsclite1:amd64.
Preparing to unpack .../49-libpcsclite1_1.8.23-1_amd64.deb ...
Unpacking libpcsclite1:amd64 (1.8.23-1) ...
Selecting previously unselected package libxi6:amd64.
Preparing to unpack .../50-libxi6_2%3a1.7.9-1_amd64.deb ...
Unpacking libxi6:amd64 (2:1.7.9-1) ...
Selecting previously unselected package libxrender1:amd64.
Preparing to unpack .../51-libxrender1_1%3a0.9.10-1_amd64.deb ...
Unpacking libxrender1:amd64 (1:0.9.10-1) ...
Selecting previously unselected package x11-common.
Preparing to unpack .../52-x11-common_1%3a7.7+19ubuntu7.1_all.deb ...
dpkg-query: no packages found matching nux-tools
Unpacking x11-common (1:7.7+19ubuntu7.1) ...
Selecting previously unselected package libxtst6:amd64.
Preparing to unpack .../53-libxtst6_2%3a1.2.3-1_amd64.deb ...
Unpacking libxtst6:amd64 (2:1.2.3-1) ...
Selecting previously unselected package openjdk-8-jre-headless:amd64.
Preparing to unpack .../54-openjdk-8-jre-headless_8u242-b08-0ubuntu3~18.04_amd64.deb ...
Unpacking openjdk-8-jre-headless:amd64 (8u242-b08-0ubuntu3~18.04) ...
Selecting previously unselected package ca-certificates-java.
Preparing to unpack .../55-ca-certificates-java_20180516ubuntu1~18.04.1_all.deb ...
Unpacking ca-certificates-java (20180516ubuntu1~18.04.1) ...
Selecting previously unselected package libroken18-heimdal:amd64.
Preparing to unpack .../56-libroken18-heimdal_7.5.0+dfsg-1_amd64.deb ...
Unpacking libroken18-heimdal:amd64 (7.5.0+dfsg-1) ...
Selecting previously unselected package libasn1-8-heimdal:amd64.
Preparing to unpack .../57-libasn1-8-heimdal_7.5.0+dfsg-1_amd64.deb ...
Unpacking libasn1-8-heimdal:amd64 (7.5.0+dfsg-1) ...
Selecting previously unselected package libheimbase1-heimdal:amd64.
Preparing to unpack .../58-libheimbase1-heimdal_7.5.0+dfsg-1_amd64.deb ...
Unpacking libheimbase1-heimdal:amd64 (7.5.0+dfsg-1) ...
Selecting previously unselected package libhcrypto4-heimdal:amd64.
Preparing to unpack .../59-libhcrypto4-heimdal_7.5.0+dfsg-1_amd64.deb ...
Unpacking libhcrypto4-heimdal:amd64 (7.5.0+dfsg-1) ...
Selecting previously unselected package libwind0-heimdal:amd64.
Preparing to unpack .../60-libwind0-heimdal_7.5.0+dfsg-1_amd64.deb ...
Unpacking libwind0-heimdal:amd64 (7.5.0+dfsg-1) ...
Selecting previously unselected package libhx509-5-heimdal:amd64.
Preparing to unpack .../61-libhx509-5-heimdal_7.5.0+dfsg-1_amd64.deb ...
Unpacking libhx509-5-heimdal:amd64 (7.5.0+dfsg-1) ...
Selecting previously unselected package libkrb5-26-heimdal:amd64.
Preparing to unpack .../62-libkrb5-26-heimdal_7.5.0+dfsg-1_amd64.deb ...
Unpacking libkrb5-26-heimdal:amd64 (7.5.0+dfsg-1) ...
Selecting previously unselected package libheimntlm0-heimdal:amd64.
Preparing to unpack .../63-libheimntlm0-heimdal_7.5.0+dfsg-1_amd64.deb ...
Unpacking libheimntlm0-heimdal:amd64 (7.5.0+dfsg-1) ...
Selecting previously unselected package libgssapi3-heimdal:amd64.
Preparing to unpack .../64-libgssapi3-heimdal_7.5.0+dfsg-1_amd64.deb ...
Unpacking libgssapi3-heimdal:amd64 (7.5.0+dfsg-1) ...
Selecting previously unselected package libsasl2-modules-db:amd64.
Preparing to unpack .../65-libsasl2-modules-db_2.1.27~101-g0780600+dfsg-3ubuntu2.1_amd64.deb ...
Unpacking libsasl2-modules-db:amd64 (2.1.27~101-g0780600+dfsg-3ubuntu2.1) ...
Selecting previously unselected package libsasl2-2:amd64.
Preparing to unpack .../66-libsasl2-2_2.1.27~101-g0780600+dfsg-3ubuntu2.1_amd64.deb ...
Unpacking libsasl2-2:amd64 (2.1.27~101-g0780600+dfsg-3ubuntu2.1) ...
Selecting previously unselected package libldap-common.
Preparing to unpack .../67-libldap-common_2.4.45+dfsg-1ubuntu1.4_all.deb ...
Unpacking libldap-common (2.4.45+dfsg-1ubuntu1.4) ...
Selecting previously unselected package libldap-2.4-2:amd64.
Preparing to unpack .../68-libldap-2.4-2_2.4.45+dfsg-1ubuntu1.4_amd64.deb ...
Unpacking libldap-2.4-2:amd64 (2.4.45+dfsg-1ubuntu1.4) ...
Selecting previously unselected package libnghttp2-14:amd64.
Preparing to unpack .../69-libnghttp2-14_1.30.0-1ubuntu1_amd64.deb ...
Unpacking libnghttp2-14:amd64 (1.30.0-1ubuntu1) ...
Selecting previously unselected package librtmp1:amd64.
Preparing to unpack .../70-librtmp1_2.4+20151223.gitfa8646d.1-1_amd64.deb ...
Unpacking librtmp1:amd64 (2.4+20151223.gitfa8646d.1-1) ...
Selecting previously unselected package libcurl3-gnutls:amd64.
Preparing to unpack .../71-libcurl3-gnutls_7.58.0-2ubuntu3.8_amd64.deb ...
Unpacking libcurl3-gnutls:amd64 (7.58.0-2ubuntu3.8) ...
Selecting previously unselected package liberror-perl.
Preparing to unpack .../72-liberror-perl_0.17025-1_all.deb ...
Unpacking liberror-perl (0.17025-1) ...
Selecting previously unselected package git-man.
Preparing to unpack .../73-git-man_1%3a2.17.1-1ubuntu0.5_all.deb ...
Unpacking git-man (1:2.17.1-1ubuntu0.5) ...
Selecting previously unselected package git.
Preparing to unpack .../74-git_1%3a2.17.1-1ubuntu0.5_amd64.deb ...
Unpacking git (1:2.17.1-1ubuntu0.5) ...
Selecting previously unselected package libjbig0:amd64.
Preparing to unpack .../75-libjbig0_2.1-3.1build1_amd64.deb ...
Unpacking libjbig0:amd64 (2.1-3.1build1) ...
Selecting previously unselected package libtiff5:amd64.
Preparing to unpack .../76-libtiff5_4.0.9-5ubuntu0.3_amd64.deb ...
Unpacking libtiff5:amd64 (4.0.9-5ubuntu0.3) ...
Selecting previously unselected package libwebp6:amd64.
Preparing to unpack .../77-libwebp6_0.6.1-2_amd64.deb ...
Unpacking libwebp6:amd64 (0.6.1-2) ...
Selecting previously unselected package libxpm4:amd64.
Preparing to unpack .../78-libxpm4_1%3a3.5.12-1_amd64.deb ...
Unpacking libxpm4:amd64 (1:3.5.12-1) ...
Selecting previously unselected package libgd3:amd64.
Preparing to unpack .../79-libgd3_2.2.5-4ubuntu0.3_amd64.deb ...
Unpacking libgd3:amd64 (2.2.5-4ubuntu0.3) ...
Selecting previously unselected package nginx-common.
Preparing to unpack .../80-nginx-common_1.14.0-0ubuntu1.7_all.deb ...
Unpacking nginx-common (1.14.0-0ubuntu1.7) ...
Selecting previously unselected package libnginx-mod-http-geoip.
Preparing to unpack .../81-libnginx-mod-http-geoip_1.14.0-0ubuntu1.7_amd64.deb ...
Unpacking libnginx-mod-http-geoip (1.14.0-0ubuntu1.7) ...
Selecting previously unselected package libnginx-mod-http-image-filter.
Preparing to unpack .../82-libnginx-mod-http-image-filter_1.14.0-0ubuntu1.7_amd64.deb ...
Unpacking libnginx-mod-http-image-filter (1.14.0-0ubuntu1.7) ...
Selecting previously unselected package libxslt1.1:amd64.
Preparing to unpack .../83-libxslt1.1_1.1.29-5ubuntu0.2_amd64.deb ...
Unpacking libxslt1.1:amd64 (1.1.29-5ubuntu0.2) ...
Selecting previously unselected package libnginx-mod-http-xslt-filter.
Preparing to unpack .../84-libnginx-mod-http-xslt-filter_1.14.0-0ubuntu1.7_amd64.deb ...
Unpacking libnginx-mod-http-xslt-filter (1.14.0-0ubuntu1.7) ...
Selecting previously unselected package libnginx-mod-mail.
Preparing to unpack .../85-libnginx-mod-mail_1.14.0-0ubuntu1.7_amd64.deb ...
Unpacking libnginx-mod-mail (1.14.0-0ubuntu1.7) ...
Selecting previously unselected package libnginx-mod-stream.
Preparing to unpack .../86-libnginx-mod-stream_1.14.0-0ubuntu1.7_amd64.deb ...
Unpacking libnginx-mod-stream (1.14.0-0ubuntu1.7) ...
Selecting previously unselected package nginx-core.
Preparing to unpack .../87-nginx-core_1.14.0-0ubuntu1.7_amd64.deb ...
Unpacking nginx-core (1.14.0-0ubuntu1.7) ...
Selecting previously unselected package nginx.
Preparing to unpack .../88-nginx_1.14.0-0ubuntu1.7_all.deb ...
Unpacking nginx (1.14.0-0ubuntu1.7) ...
Setting up libedit2:amd64 (3.1-20170329-1) ...
Setting up git-man (1:2.17.1-1ubuntu0.5) ...
Setting up libexpat1:amd64 (2.2.5-3ubuntu0.2) ...
Setting up libicu60:amd64 (60.2-3ubuntu3) ...
Setting up libssl1.0.0:amd64 (1.0.2n-1ubuntu5.3) ...
debconf: unable to initialize frontend: Dialog
debconf: (TERM is not set, so the dialog frontend is not usable.)
debconf: falling back to frontend: Readline
Setting up libnghttp2-14:amd64 (1.30.0-1ubuntu1) ...
Setting up libpng16-16:amd64 (1.6.34-1ubuntu0.18.04.2) ...
Setting up liblcms2-2:amd64 (2.9-1ubuntu0.1) ...
Setting up libjbig0:amd64 (2.1-3.1build1) ...
Setting up libpcsclite1:amd64 (1.8.23-1) ...
Setting up libldap-common (2.4.45+dfsg-1ubuntu1.4) ...
Setting up fonts-dejavu-core (2.37-1) ...
Setting up libpsl5:amd64 (0.19.1-5build1) ...
Setting up libelf1:amd64 (0.170-0.4ubuntu0.1) ...
Setting up nginx-common (1.14.0-0ubuntu1.7) ...
debconf: unable to initialize frontend: Dialog
debconf: (TERM is not set, so the dialog frontend is not usable.)
debconf: falling back to frontend: Readline
Setting up libsasl2-modules-db:amd64 (2.1.27~101-g0780600+dfsg-3ubuntu2.1) ...
Setting up java-common (0.68ubuntu1~18.04.1) ...
Setting up libsasl2-2:amd64 (2.1.27~101-g0780600+dfsg-3ubuntu2.1) ...
Setting up libjpeg-turbo8:amd64 (1.5.2-0ubuntu5.18.04.3) ...
Setting up libroken18-heimdal:amd64 (7.5.0+dfsg-1) ...
Setting up librtmp1:amd64 (2.4+20151223.gitfa8646d.1-1) ...
Setting up perl-modules-5.26 (5.26.1-6ubuntu0.3) ...
Setting up libgdbm5:amd64 (1.14.1-6) ...
Setting up libgeoip1:amd64 (1.6.12-1) ...
Setting up libbsd0:amd64 (0.8.7-1ubuntu0.1) ...
Setting up libkrb5support0:amd64 (1.16-2ubuntu0.1) ...
Setting up libnspr4:amd64 (2:4.18-1ubuntu1) ...
Setting up ucf (3.0038) ...
debconf: unable to initialize frontend: Dialog
debconf: (TERM is not set, so the dialog frontend is not usable.)
debconf: falling back to frontend: Readline
Setting up libxml2:amd64 (2.9.4+dfsg1-6.1ubuntu1.3) ...
Setting up libfreetype6:amd64 (2.8.1-2ubuntu2) ...
Setting up libxslt1.1:amd64 (1.1.29-5ubuntu0.2) ...
Setting up libssl1.1:amd64 (1.1.1-1ubuntu2.1~18.04.5) ...
debconf: unable to initialize frontend: Dialog
debconf: (TERM is not set, so the dialog frontend is not usable.)
debconf: falling back to frontend: Readline
Setting up libheimbase1-heimdal:amd64 (7.5.0+dfsg-1) ...
Setting up openssl (1.1.1-1ubuntu2.1~18.04.5) ...
Setting up libsqlite3-0:amd64 (3.22.0-1ubuntu0.2) ...
Setting up libnginx-mod-mail (1.14.0-0ubuntu1.7) ...
Setting up libnginx-mod-http-xslt-filter (1.14.0-0ubuntu1.7) ...
Setting up libxdmcp6:amd64 (1:1.1.2-3) ...
Setting up libgdbm-compat4:amd64 (1.14.1-6) ...
Setting up libkeyutils1:amd64 (1.5.9-9.2ubuntu2) ...
Setting up x11-common (1:7.7+19ubuntu7.1) ...
debconf: unable to initialize frontend: Dialog
debconf: (TERM is not set, so the dialog frontend is not usable.)
debconf: falling back to frontend: Readline
update-rc.d: warning: start and stop actions are no longer supported; falling back to defaults
invoke-rc.d: could not determine current runlevel
invoke-rc.d: policy-rc.d denied execution of start.
Setting up ca-certificates (20180409) ...
debconf: unable to initialize frontend: Dialog
debconf: (TERM is not set, so the dialog frontend is not usable.)
debconf: falling back to frontend: Readline
Updating certificates in /etc/ssl/certs...
133 added, 0 removed; done.
Setting up libmnl0:amd64 (1.0.4-2) ...
Setting up libnginx-mod-http-geoip (1.14.0-0ubuntu1.7) ...
Setting up libx11-data (2:1.6.4-3ubuntu0.2) ...
Setting up libxau6:amd64 (1:1.0.8-1) ...
Setting up libdbus-1-3:amd64 (1.12.2-1ubuntu1.1) ...
Setting up libavahi-common-data:amd64 (0.7-3.1ubuntu1.2) ...
Setting up libwebp6:amd64 (0.6.1-2) ...
Setting up libjpeg8:amd64 (8c-2ubuntu8) ...
Setting up libk5crypto3:amd64 (1.16-2ubuntu0.1) ...
Setting up fontconfig-config (2.12.6-0ubuntu2) ...
Setting up libnginx-mod-stream (1.14.0-0ubuntu1.7) ...
Setting up libwind0-heimdal:amd64 (7.5.0+dfsg-1) ...
Setting up libasn1-8-heimdal:amd64 (7.5.0+dfsg-1) ...
Setting up libhcrypto4-heimdal:amd64 (7.5.0+dfsg-1) ...
Setting up libnss3:amd64 (2:3.35-2ubuntu2.7) ...
Setting up libtiff5:amd64 (4.0.9-5ubuntu0.3) ...
Setting up iproute2 (4.15.0-2ubuntu1) ...
Setting up libhx509-5-heimdal:amd64 (7.5.0+dfsg-1) ...
Setting up libperl5.26:amd64 (5.26.1-6ubuntu0.3) ...
Setting up libkrb5-3:amd64 (1.16-2ubuntu0.1) ...
Setting up libavahi-common3:amd64 (0.7-3.1ubuntu1.2) ...
Setting up libkrb5-26-heimdal:amd64 (7.5.0+dfsg-1) ...
Setting up libxcb1:amd64 (1.13-2~ubuntu18.04) ...
Setting up libheimntlm0-heimdal:amd64 (7.5.0+dfsg-1) ...
Setting up libfontconfig1:amd64 (2.12.6-0ubuntu2) ...
Setting up libx11-6:amd64 (2:1.6.4-3ubuntu0.2) ...
Setting up libgssapi-krb5-2:amd64 (1.16-2ubuntu0.1) ...
Setting up perl (5.26.1-6ubuntu0.3) ...
Setting up libxpm4:amd64 (1:3.5.12-1) ...
Setting up libxrender1:amd64 (1:0.9.10-1) ...
Setting up libavahi-client3:amd64 (0.7-3.1ubuntu1.2) ...
Setting up libgssapi3-heimdal:amd64 (7.5.0+dfsg-1) ...
Setting up openssh-client (1:7.6p1-4ubuntu0.3) ...
Setting up libcups2:amd64 (2.2.7-1ubuntu2.7) ...
Setting up libxext6:amd64 (2:1.3.3-1) ...
Setting up liberror-perl (0.17025-1) ...
Setting up libgd3:amd64 (2.2.5-4ubuntu0.3) ...
Setting up libxtst6:amd64 (2:1.2.3-1) ...
Setting up libldap-2.4-2:amd64 (2.4.45+dfsg-1ubuntu1.4) ...
Setting up libxi6:amd64 (2:1.7.9-1) ...
Setting up libcurl3-gnutls:amd64 (7.58.0-2ubuntu3.8) ...
Setting up libnginx-mod-http-image-filter (1.14.0-0ubuntu1.7) ...
Setting up nginx-core (1.14.0-0ubuntu1.7) ...
invoke-rc.d: could not determine current runlevel
invoke-rc.d: policy-rc.d denied execution of start.
Setting up git (1:2.17.1-1ubuntu0.5) ...
Setting up nginx (1.14.0-0ubuntu1.7) ...
Setting up ca-certificates-java (20180516ubuntu1~18.04.1) ...
head: cannot open '/etc/ssl/certs/java/cacerts' for reading: No such file or directory
Adding debian:DigiCert_Assured_ID_Root_G2.pem
Adding debian:Entrust_Root_Certification_Authority.pem
Adding debian:Cybertrust_Global_Root.pem
Adding debian:OpenTrust_Root_CA_G1.pem
Adding debian:Go_Daddy_Class_2_CA.pem
Adding debian:OpenTrust_Root_CA_G3.pem
Adding debian:CA_Disig_Root_R2.pem
Adding debian:Hellenic_Academic_and_Research_Institutions_RootCA_2015.pem
Adding debian:Amazon_Root_CA_2.pem
Adding debian:GlobalSign_Root_CA.pem
Adding debian:LuxTrust_Global_Root_2.pem
Adding debian:Chambers_of_Commerce_Root_-_2008.pem
Adding debian:Staat_der_Nederlanden_Root_CA_-_G2.pem
Adding debian:ISRG_Root_X1.pem
Adding debian:SSL.com_Root_Certification_Authority_RSA.pem
Adding debian:Certum_Trusted_Network_CA.pem
Adding debian:Certplus_Root_CA_G1.pem
Adding debian:certSIGN_ROOT_CA.pem
Adding debian:Autoridad_de_Certificacion_Firmaprofesional_CIF_A62634068.pem
Adding debian:SecureTrust_CA.pem
Adding debian:SSL.com_Root_Certification_Authority_ECC.pem
Adding debian:TWCA_Root_Certification_Authority.pem
Adding debian:IdenTrust_Commercial_Root_CA_1.pem
Adding debian:TWCA_Global_Root_CA.pem
Adding debian:TÜRKTRUST_Elektronik_Sertifika_Hizmet_Sağlayıcısı_H5.pem
Adding debian:OISTE_WISeKey_Global_Root_GB_CA.pem
Adding debian:Secure_Global_CA.pem
Adding debian:TeliaSonera_Root_CA_v1.pem
Adding debian:QuoVadis_Root_CA_2.pem
Adding debian:Verisign_Class_3_Public_Primary_Certification_Authority_-_G3.pem
Adding debian:Trustis_FPS_Root_CA.pem
Adding debian:Hellenic_Academic_and_Research_Institutions_RootCA_2011.pem
Adding debian:VeriSign_Universal_Root_Certification_Authority.pem
Adding debian:GeoTrust_Universal_CA_2.pem
Adding debian:Actalis_Authentication_Root_CA.pem
Adding debian:IdenTrust_Public_Sector_Root_CA_1.pem
Adding debian:Deutsche_Telekom_Root_CA_2.pem
Adding debian:Hongkong_Post_Root_CA_1.pem
Adding debian:SecureSign_RootCA11.pem
Adding debian:Certum_Trusted_Network_CA_2.pem
Adding debian:Sonera_Class_2_Root_CA.pem
Adding debian:Baltimore_CyberTrust_Root.pem
Adding debian:Staat_der_Nederlanden_Root_CA_-_G3.pem
Adding debian:SZAFIR_ROOT_CA2.pem
Adding debian:GDCA_TrustAUTH_R5_ROOT.pem
Adding debian:XRamp_Global_CA_Root.pem
Adding debian:QuoVadis_Root_CA_2_G3.pem
Adding debian:SSL.com_EV_Root_Certification_Authority_ECC.pem
Adding debian:QuoVadis_Root_CA_3_G3.pem
Adding debian:SwissSign_Gold_CA_-_G2.pem
Adding debian:COMODO_Certification_Authority.pem
Adding debian:DigiCert_Global_Root_G3.pem
Adding debian:Atos_TrustedRoot_2011.pem
Adding debian:AffirmTrust_Premium.pem
Adding debian:thawte_Primary_Root_CA_-_G2.pem
Adding debian:Certinomis_-_Root_CA.pem
Adding debian:VeriSign_Class_3_Public_Primary_Certification_Authority_-_G5.pem
Adding debian:Starfield_Root_Certificate_Authority_-_G2.pem
Adding debian:Entrust_Root_Certification_Authority_-_EC1.pem
Adding debian:QuoVadis_Root_CA_3.pem
Adding debian:T-TeleSec_GlobalRoot_Class_3.pem
Adding debian:Security_Communication_Root_CA.pem
Adding debian:Izenpe.com.pem
Adding debian:Comodo_AAA_Services_root.pem
Adding debian:DigiCert_High_Assurance_EV_Root_CA.pem
Adding debian:Starfield_Services_Root_Certificate_Authority_-_G2.pem
Adding debian:DigiCert_Global_Root_CA.pem
Adding debian:Visa_eCommerce_Root.pem
Adding debian:USERTrust_RSA_Certification_Authority.pem
Adding debian:Entrust_Root_Certification_Authority_-_G2.pem
Adding debian:VeriSign_Class_3_Public_Primary_Certification_Authority_-_G4.pem
Adding debian:EC-ACC.pem
Adding debian:Amazon_Root_CA_4.pem
Adding debian:DigiCert_Global_Root_G2.pem
Adding debian:Buypass_Class_3_Root_CA.pem
Adding debian:Amazon_Root_CA_1.pem
Adding debian:GeoTrust_Universal_CA.pem
Adding debian:Certplus_Class_2_Primary_CA.pem
Adding debian:AffirmTrust_Premium_ECC.pem
Adding debian:Microsec_e-Szigno_Root_CA_2009.pem
Adding debian:GeoTrust_Primary_Certification_Authority_-_G2.pem
Adding debian:QuoVadis_Root_CA_1_G3.pem
Adding debian:AffirmTrust_Networking.pem
Adding debian:ePKI_Root_Certification_Authority.pem
Adding debian:AddTrust_External_Root.pem
Adding debian:ACCVRAIZ1.pem
Adding debian:Taiwan_GRCA.pem
Adding debian:AC_RAIZ_FNMT-RCM.pem
Adding debian:OISTE_WISeKey_Global_Root_GA_CA.pem
Adding debian:E-Tugra_Certification_Authority.pem
Adding debian:DigiCert_Assured_ID_Root_G3.pem
Adding debian:GlobalSign_Root_CA_-_R3.pem
Adding debian:DigiCert_Assured_ID_Root_CA.pem
Adding debian:SSL.com_EV_Root_Certification_Authority_RSA_R2.pem
Adding debian:D-TRUST_Root_Class_3_CA_2_EV_2009.pem
Adding debian:COMODO_RSA_Certification_Authority.pem
Adding debian:Network_Solutions_Certificate_Authority.pem
Adding debian:Certigna.pem
Adding debian:COMODO_ECC_Certification_Authority.pem
Adding debian:GlobalSign_ECC_Root_CA_-_R4.pem
Adding debian:AffirmTrust_Commercial.pem
Adding debian:TrustCor_ECA-1.pem
Adding debian:Security_Communication_RootCA2.pem
Adding debian:NetLock_Arany_=Class_Gold=_Főtanúsítvány.pem
Adding debian:Entrust.net_Premium_2048_Secure_Server_CA.pem
Adding debian:Certplus_Root_CA_G2.pem
Adding debian:OpenTrust_Root_CA_G2.pem
Adding debian:GlobalSign_Root_CA_-_R2.pem
Adding debian:DST_Root_CA_X3.pem
Adding debian:thawte_Primary_Root_CA.pem
Adding debian:GlobalSign_ECC_Root_CA_-_R5.pem
Adding debian:Staat_der_Nederlanden_EV_Root_CA.pem
Adding debian:SwissSign_Silver_CA_-_G2.pem
Adding debian:TrustCor_RootCert_CA-2.pem
Adding debian:Hellenic_Academic_and_Research_Institutions_ECC_RootCA_2015.pem
Adding debian:Global_Chambersign_Root_-_2008.pem
Adding debian:GeoTrust_Primary_Certification_Authority.pem
Adding debian:GeoTrust_Global_CA.pem
Adding debian:TrustCor_RootCert_CA-1.pem
Adding debian:QuoVadis_Root_CA.pem
Adding debian:Buypass_Class_2_Root_CA.pem
Adding debian:CFCA_EV_ROOT.pem
Adding debian:Amazon_Root_CA_3.pem
Adding debian:USERTrust_ECC_Certification_Authority.pem
Adding debian:GeoTrust_Primary_Certification_Authority_-_G3.pem
Adding debian:Go_Daddy_Root_Certificate_Authority_-_G2.pem
Adding debian:D-TRUST_Root_Class_3_CA_2_2009.pem
Adding debian:T-TeleSec_GlobalRoot_Class_2.pem
Adding debian:EE_Certification_Centre_Root_CA.pem
Adding debian:thawte_Primary_Root_CA_-_G3.pem
Adding debian:DigiCert_Trusted_Root_G4.pem
Adding debian:Starfield_Class_2_CA.pem
Adding debian:TUBITAK_Kamu_SM_SSL_Kok_Sertifikasi_-_Surum_1.pem
done.
Processing triggers for libc-bin (2.27-3ubuntu1) ...
Processing triggers for ca-certificates (20180409) ...
Updating certificates in /etc/ssl/certs...
0 added, 0 removed; done.
Running hooks in /etc/ca-certificates/update.d...

done.
done.
Setting up openjdk-8-jre-headless:amd64 (8u242-b08-0ubuntu3~18.04) ...
update-alternatives: using /usr/lib/jvm/java-8-openjdk-amd64/jre/bin/rmid to provide /usr/bin/rmid (rmid) in auto mode
update-alternatives: using /usr/lib/jvm/java-8-openjdk-amd64/jre/bin/java to provide /usr/bin/java (java) in auto mode
update-alternatives: using /usr/lib/jvm/java-8-openjdk-amd64/jre/bin/keytool to provide /usr/bin/keytool (keytool) in auto mode
update-alternatives: using /usr/lib/jvm/java-8-openjdk-amd64/jre/bin/jjs to provide /usr/bin/jjs (jjs) in auto mode
update-alternatives: using /usr/lib/jvm/java-8-openjdk-amd64/jre/bin/pack200 to provide /usr/bin/pack200 (pack200) in auto mode
update-alternatives: using /usr/lib/jvm/java-8-openjdk-amd64/jre/bin/rmiregistry to provide /usr/bin/rmiregistry (rmiregistry) in auto mode
update-alternatives: using /usr/lib/jvm/java-8-openjdk-amd64/jre/bin/unpack200 to provide /usr/bin/unpack200 (unpack200) in auto mode
update-alternatives: using /usr/lib/jvm/java-8-openjdk-amd64/jre/bin/orbd to provide /usr/bin/orbd (orbd) in auto mode
update-alternatives: using /usr/lib/jvm/java-8-openjdk-amd64/jre/bin/servertool to provide /usr/bin/servertool (servertool) in auto mode
update-alternatives: using /usr/lib/jvm/java-8-openjdk-amd64/jre/bin/tnameserv to provide /usr/bin/tnameserv (tnameserv) in auto mode
update-alternatives: using /usr/lib/jvm/java-8-openjdk-amd64/jre/lib/jexec to provide /usr/bin/jexec (jexec) in auto mode
Removing intermediate container ef538326db77
 ---> dd032dc9bf58
Step 4/12 : COPY ./nginx.conf /etc/nginx/sites-available/jenkins/nginx.conf
 ---> 4f7e06121b2a
Step 5/12 : ADD http://mirrors.jenkins-ci.org/war/2.219/jenkins.war /opt/jenkins.war

 ---> 077a96b98356
Step 6/12 : RUN chmod 0755 /etc/nginx/sites-available/jenkins && 	mkdir -p /var/log/nginx/ && 	touch /var/log/nginx/access.log /var/log/nginx/error.log && 	unlink /etc/nginx/sites-enabled/default && 	ln -s /etc/nginx/sites-available/jenkins/nginx.conf /etc/nginx/sites-enabled/nginx.conf && 	echo "daemon on;" >> /etc/nginx/nginx.conf && 	chmod 644 /opt/jenkins.war
 ---> Running in 528933962d0a
Removing intermediate container 528933962d0a
 ---> ccdf79839628
Step 7/12 : ENV JENKINS_HOME /var/lib/jenkins
 ---> Running in f659a7cd147d
Removing intermediate container f659a7cd147d
 ---> 2b71346f5a10
Step 8/12 : ENTRYPOINT /usr/sbin/nginx && java -jar /opt/jenkins.war
 ---> Running in ade82827c689
Removing intermediate container ade82827c689
 ---> 94669140aef5
Step 9/12 : EXPOSE 80
 ---> Running in 29877d97725f
Removing intermediate container 29877d97725f
 ---> 7ea114c65a29
Step 10/12 : EXPOSE 8080
 ---> Running in e553eac7de42
Removing intermediate container e553eac7de42
 ---> f5638527210b
Step 11/12 : EXPOSE 22
 ---> Running in f6e6d24b685b
Removing intermediate container f6e6d24b685b
 ---> 0a099514fabc
Step 12/12 : CMD [""]
 ---> Running in 8dbd93fb13a2
Removing intermediate container 8dbd93fb13a2
 ---> 9eaf713b8900

Successfully built 9eaf713b8900
Successfully tagged docker_master:latest
WARNING: Image for service master was built because it did not already exist. To rebuild this image you must use `docker-compose build` or `docker-compose up --build`.