Creating docker_slave_1 ... 
Creating docker_master_1 ... 
Creating docker_master_1
Creating docker_master_1 ... done
Attaching to docker_slave_1, docker_master_1
master_1  | Running from: /opt/jenkins.war
master_1  | webroot: EnvVars.masterEnvVars.get("JENKINS_HOME")
slave_1   | 2020-02-14 13:05:56,338 CRIT Supervisor is running as root.  Privileges were not dropped because no user is specified in the config file.  If you intend to run as root, you can set user=root in the config file to avoid this message.
slave_1   | 2020-02-14 13:05:56,412 INFO supervisord started with pid 1
master_1  | 2020-02-14 13:05:56.631+0000 [id=1]	INFO	org.eclipse.jetty.util.log.Log#initialized: Logging initialized @4759ms to org.eclipse.jetty.util.log.JavaUtilLog
master_1  | 2020-02-14 13:05:56.995+0000 [id=1]	INFO	winstone.Logger#logInternal: Beginning extraction from war file
master_1  | 2020-02-14 13:05:57.113+0000 [id=1]	WARNING	o.e.j.s.handler.ContextHandler#setContextPath: Empty contextPath
master_1  | 2020-02-14 13:05:57.221+0000 [id=1]	INFO	org.eclipse.jetty.server.Server#doStart: jetty-9.4.25.v20191220; built: 2019-12-20T17:00:00.294Z; git: a9729c7e7f33a459d2616a8f9e9ba8a90f432e95; jvm 1.8.0_242-8u242-b08-0ubuntu3~18.04-b08
slave_1   | 2020-02-14 13:05:57,416 INFO spawned: 'docker' with pid 7
slave_1   | 2020-02-14 13:05:57,420 INFO spawned: 'sshd' with pid 8
slave_1   | Generating public/private rsa key pair.
slave_1   | 2020-02-14 13:05:57,761 CRIT uncaptured python exception, closing channel <POutputDispatcher at 139806915714064 for <Subprocess at 139806915713392 with name sshd in state STARTING> (stdout)> (<class 'OSError'>:[Errno 29] Invalid seek [/usr/lib/python3.8/site-packages/supervisor/supervisord.py|runforever|218] [/usr/lib/python3.8/site-packages/supervisor/dispatchers.py|handle_read_event|270] [/usr/lib/python3.8/site-packages/supervisor/dispatchers.py|record_output|204] [/usr/lib/python3.8/site-packages/supervisor/dispatchers.py|_log|173] [/usr/lib/python3.8/site-packages/supervisor/loggers.py|info|327] [/usr/lib/python3.8/site-packages/supervisor/loggers.py|log|345] [/usr/lib/python3.8/site-packages/supervisor/loggers.py|emit|227] [/usr/lib/python3.8/site-packages/supervisor/loggers.py|doRollover|264])
slave_1   | Your identification has been saved in /etc/ssh/ssh_host_rsa_key.
slave_1   | Your public key has been saved in /etc/ssh/ssh_host_rsa_key.pub.
slave_1   | The key fingerprint is:
slave_1   | SHA256:7GShv3plpwe+/6WuWxFwqk4G+/qvM8BUrJbj8ESrSqM root@d66fd995df01
slave_1   | The key's randomart image is:
slave_1   | +---[RSA 3072]----+
slave_1   | |         .  . .  |
slave_1   | |        . o  +   |
slave_1   | |       .o=  . .  |
slave_1   | |      .oO+ .   . |
slave_1   | |      .XS.+   .  |
slave_1   | |    o .===+ .  . |
slave_1   | |   o o  o=o+  . .|
slave_1   | |  E .   .o= .. o |
slave_1   | |      .oo.+O==+  |
slave_1   | +----[SHA256]-----+
slave_1   | 2020-02-14 13:05:57,889 CRIT uncaptured python exception, closing channel <POutputDispatcher at 139806915714064 for <Subprocess at 139806915713392 with name sshd in state STARTING> (stdout)> (<class 'OSError'>:[Errno 29] Invalid seek [/usr/lib/python3.8/site-packages/supervisor/supervisord.py|runforever|218] [/usr/lib/python3.8/site-packages/supervisor/dispatchers.py|handle_read_event|270] [/usr/lib/python3.8/site-packages/supervisor/dispatchers.py|record_output|204] [/usr/lib/python3.8/site-packages/supervisor/dispatchers.py|_log|173] [/usr/lib/python3.8/site-packages/supervisor/loggers.py|info|327] [/usr/lib/python3.8/site-packages/supervisor/loggers.py|log|345] [/usr/lib/python3.8/site-packages/supervisor/loggers.py|emit|227] [/usr/lib/python3.8/site-packages/supervisor/loggers.py|doRollover|264])
slave_1   | Generating public/private dsa key pair.
slave_1   | 2020-02-14 13:05:57,909 CRIT uncaptured python exception, closing channel <POutputDispatcher at 139806915714064 for <Subprocess at 139806915713392 with name sshd in state STARTING> (stdout)> (<class 'OSError'>:[Errno 29] Invalid seek [/usr/lib/python3.8/site-packages/supervisor/supervisord.py|runforever|218] [/usr/lib/python3.8/site-packages/supervisor/dispatchers.py|handle_read_event|270] [/usr/lib/python3.8/site-packages/supervisor/dispatchers.py|record_output|204] [/usr/lib/python3.8/site-packages/supervisor/dispatchers.py|_log|173] [/usr/lib/python3.8/site-packages/supervisor/loggers.py|info|327] [/usr/lib/python3.8/site-packages/supervisor/loggers.py|log|345] [/usr/lib/python3.8/site-packages/supervisor/loggers.py|emit|227] [/usr/lib/python3.8/site-packages/supervisor/loggers.py|doRollover|264])
slave_1   | Your identification has been saved in /etc/ssh/ssh_host_dsa_key.
slave_1   | Your public key has been saved in /etc/ssh/ssh_host_dsa_key.pub.
slave_1   | The key fingerprint is:
slave_1   | SHA256:R9jPoMflP+2Br7zLxP6nw6zh25O1rov2FOPgNjfi2tc root@d66fd995df01
slave_1   | The key's randomart image is:
slave_1   | +---[DSA 1024]----+
slave_1   | |                 |
slave_1   | |         o       |
slave_1   | |        . + .    |
slave_1   | |         + *     |
slave_1   | |        S +.+o   |
slave_1   | |         o. +.+..|
slave_1   | |           =.@++o|
slave_1   | |          +o@+OEo|
slave_1   | |         .o+*&@Bo|
slave_1   | +----[SHA256]-----+
slave_1   | 2020-02-14 13:05:58,050 CRIT uncaptured python exception, closing channel <POutputDispatcher at 139806915714064 for <Subprocess at 139806915713392 with name sshd in state STARTING> (stdout)> (<class 'OSError'>:[Errno 29] Invalid seek [/usr/lib/python3.8/site-packages/supervisor/supervisord.py|runforever|218] [/usr/lib/python3.8/site-packages/supervisor/dispatchers.py|handle_read_event|270] [/usr/lib/python3.8/site-packages/supervisor/dispatchers.py|record_output|204] [/usr/lib/python3.8/site-packages/supervisor/dispatchers.py|_log|173] [/usr/lib/python3.8/site-packages/supervisor/loggers.py|info|327] [/usr/lib/python3.8/site-packages/supervisor/loggers.py|log|345] [/usr/lib/python3.8/site-packages/supervisor/loggers.py|emit|227] [/usr/lib/python3.8/site-packages/supervisor/loggers.py|doRollover|264])
slave_1   | 2020-02-14 13:05:58,420 INFO success: docker entered RUNNING state, process has stayed up for > than 1 seconds (startsecs)
slave_1   | 2020-02-14 13:05:58,421 INFO success: sshd entered RUNNING state, process has stayed up for > than 1 seconds (startsecs)
master_1  | 2020-02-14 13:05:59.419+0000 [id=1]	INFO	o.e.j.w.StandardDescriptorProcessor#visitServlet: NO JSP Support for /, did not find org.eclipse.jetty.jsp.JettyJspServlet
slave_1   | /certs/server/cert.pem: OK
slave_1   | 2020-02-14 13:05:59,595 CRIT uncaptured python exception, closing channel <POutputDispatcher at 139806915712672 for <Subprocess at 139806915576880 with name docker in state RUNNING> (stdout)> (<class 'OSError'>:[Errno 29] Invalid seek [/usr/lib/python3.8/site-packages/supervisor/supervisord.py|runforever|218] [/usr/lib/python3.8/site-packages/supervisor/dispatchers.py|handle_read_event|270] [/usr/lib/python3.8/site-packages/supervisor/dispatchers.py|record_output|204] [/usr/lib/python3.8/site-packages/supervisor/dispatchers.py|_log|173] [/usr/lib/python3.8/site-packages/supervisor/loggers.py|info|327] [/usr/lib/python3.8/site-packages/supervisor/loggers.py|log|345] [/usr/lib/python3.8/site-packages/supervisor/loggers.py|emit|227] [/usr/lib/python3.8/site-packages/supervisor/loggers.py|doRollover|264])
master_1  | 2020-02-14 13:05:59.802+0000 [id=1]	INFO	o.e.j.s.s.DefaultSessionIdManager#doStart: DefaultSessionIdManager workerName=node0
master_1  | 2020-02-14 13:05:59.806+0000 [id=1]	INFO	o.e.j.s.s.DefaultSessionIdManager#doStart: No SessionScavenger set, using defaults
master_1  | 2020-02-14 13:05:59.829+0000 [id=1]	INFO	o.e.j.server.session.HouseKeeper#startScavenging: node0 Scavenging every 660000ms
slave_1   | /certs/client/cert.pem: OK
slave_1   | 2020-02-14 13:06:00,167 CRIT uncaptured python exception, closing channel <POutputDispatcher at 139806915712672 for <Subprocess at 139806915576880 with name docker in state RUNNING> (stdout)> (<class 'OSError'>:[Errno 29] Invalid seek [/usr/lib/python3.8/site-packages/supervisor/supervisord.py|runforever|218] [/usr/lib/python3.8/site-packages/supervisor/dispatchers.py|handle_read_event|270] [/usr/lib/python3.8/site-packages/supervisor/dispatchers.py|record_output|204] [/usr/lib/python3.8/site-packages/supervisor/dispatchers.py|_log|173] [/usr/lib/python3.8/site-packages/supervisor/loggers.py|info|327] [/usr/lib/python3.8/site-packages/supervisor/loggers.py|log|345] [/usr/lib/python3.8/site-packages/supervisor/loggers.py|emit|227] [/usr/lib/python3.8/site-packages/supervisor/loggers.py|doRollover|264])
master_1  | 2020-02-14 13:06:04.302+0000 [id=1]	INFO	hudson.WebAppMain#contextInitialized: Jenkins home directory: /var/lib/jenkins found at: EnvVars.masterEnvVars.get("JENKINS_HOME")
master_1  | 2020-02-14 13:06:07.172+0000 [id=1]	INFO	o.e.j.s.handler.ContextHandler#doStart: Started w.@4a07d605{Jenkins v2.219,/,file:///var/lib/jenkins/war/,AVAILABLE}{/var/lib/jenkins/war}
master_1  | 2020-02-14 13:06:07.947+0000 [id=1]	INFO	o.e.j.server.AbstractConnector#doStart: Started ServerConnector@735b478{HTTP/1.1,[http/1.1]}{0.0.0.0:8080}
master_1  | 2020-02-14 13:06:07.947+0000 [id=1]	INFO	org.eclipse.jetty.server.Server#doStart: Started @16076ms
master_1  | 2020-02-14 13:06:07.948+0000 [id=20]	INFO	winstone.Logger#logInternal: Winstone Servlet Engine running: controlPort=disabled
master_1  | 2020-02-14 13:06:13.041+0000 [id=26]	INFO	jenkins.InitReactorRunner$1#onAttained: Started initialization
master_1  | 2020-02-14 13:06:17.044+0000 [id=26]	INFO	jenkins.InitReactorRunner$1#onAttained: Listed all plugins
master_1  | 2020-02-14 13:06:28.058+0000 [id=26]	INFO	jenkins.InitReactorRunner$1#onAttained: Prepared all plugins
master_1  | 2020-02-14 13:06:28.109+0000 [id=26]	INFO	jenkins.InitReactorRunner$1#onAttained: Started all plugins
master_1  | 2020-02-14 13:06:31.668+0000 [id=26]	INFO	h.ExtensionFinder$GuiceFinder$FaultTolerantScope$1#error: Failed to instantiate optional component hudson.plugins.build_timeout.operations.AbortAndRestartOperation$DescriptorImpl; skipping
master_1  | 2020-02-14 13:06:31.849+0000 [id=25]	INFO	jenkins.InitReactorRunner$1#onAttained: Augmented all extensions
master_1  | 2020-02-14 13:06:32.540+0000 [id=26]	INFO	hudson.slaves.SlaveComputer#tryReconnect: Attempting to reconnect docker
master_1  | 2020-02-14 13:06:32.752+0000 [id=26]	INFO	jenkins.InitReactorRunner$1#onAttained: Loaded all jobs
master_1  | 2020-02-14 13:06:33.539+0000 [id=41]	INFO	hudson.model.AsyncPeriodicWork#lambda$doRun$0: Started Download metadata
master_1  | 2020-02-14 13:06:33.577+0000 [id=41]	INFO	hudson.model.AsyncPeriodicWork#lambda$doRun$0: Finished Download metadata. 37 ms
master_1  | 2020-02-14 13:06:34.761+0000 [id=25]	INFO	o.s.c.s.AbstractApplicationContext#prepareRefresh: Refreshing org.springframework.web.context.support.StaticWebApplicationContext@77172881: display name [Root WebApplicationContext]; startup date [Fri Feb 14 13:06:34 GMT 2020]; root of context hierarchy
master_1  | 2020-02-14 13:06:34.762+0000 [id=25]	INFO	o.s.c.s.AbstractApplicationContext#obtainFreshBeanFactory: Bean factory for application context [org.springframework.web.context.support.StaticWebApplicationContext@77172881]: org.springframework.beans.factory.support.DefaultListableBeanFactory@cc7879b
master_1  | 2020-02-14 13:06:35.000+0000 [id=25]	INFO	o.s.b.f.s.DefaultListableBeanFactory#preInstantiateSingletons: Pre-instantiating singletons in org.springframework.beans.factory.support.DefaultListableBeanFactory@cc7879b: defining beans [authenticationManager]; root of factory hierarchy
master_1  | 2020-02-14 13:06:35.833+0000 [id=25]	INFO	o.s.c.s.AbstractApplicationContext#prepareRefresh: Refreshing org.springframework.web.context.support.StaticWebApplicationContext@3c83041d: display name [Root WebApplicationContext]; startup date [Fri Feb 14 13:06:35 GMT 2020]; root of context hierarchy
master_1  | 2020-02-14 13:06:35.837+0000 [id=25]	INFO	o.s.c.s.AbstractApplicationContext#obtainFreshBeanFactory: Bean factory for application context [org.springframework.web.context.support.StaticWebApplicationContext@3c83041d]: org.springframework.beans.factory.support.DefaultListableBeanFactory@7c5d829f
master_1  | 2020-02-14 13:06:35.847+0000 [id=25]	INFO	o.s.b.f.s.DefaultListableBeanFactory#preInstantiateSingletons: Pre-instantiating singletons in org.springframework.beans.factory.support.DefaultListableBeanFactory@7c5d829f: defining beans [filter,legacy]; root of factory hierarchy
master_1  | 2020-02-14 13:06:36.285+0000 [id=26]	INFO	jenkins.InitReactorRunner$1#onAttained: Completed initialization
master_1  | 2020-02-14 13:06:36.905+0000 [id=19]	INFO	hudson.WebAppMain$3#run: Jenkins is fully up and running
master_1  | [02/14/20 13:06:44] SSH Launch of docker on 172.20.0.3 completed in 11,216 ms

