module.vpc.data.template_file.user_data: Refreshing state...
module.vpc.aws_vpc.vpc: Creating...
module.vpc.aws_vpc.vpc: Creation complete after 3s [id=vpc-004e4ba3fbdf978d1]
module.vpc.aws_route_table.private_route_tables[0]: Creating...
module.vpc.aws_internet_gateway.internet_gw[0]: Creating...
module.vpc.aws_subnet.private_subnets[0]: Creating...
module.vpc.aws_security_group.sg: Creating...
module.vpc.aws_route_table.public_route_tables[0]: Creating...
module.vpc.aws_subnet.public_subnets[0]: Creating...
module.vpc.aws_default_network_acl.default_acl: Creating...
module.vpc.aws_route_table.public_route_tables[0]: Creation complete after 1s [id=rtb-024bc74195e707855]
module.vpc.aws_route_table.private_route_tables[0]: Creation complete after 1s [id=rtb-062fca647d347e255]
module.vpc.aws_subnet.private_subnets[0]: Creation complete after 1s [id=subnet-0a9b7847ecf157301]
module.vpc.aws_route_table_association.private_route_table_associations[0]: Creating...
module.vpc.aws_internet_gateway.internet_gw[0]: Creation complete after 1s [id=igw-0eb947ca382eaeebe]
module.vpc.aws_subnet.public_subnets[0]: Creation complete after 1s [id=subnet-091bf9170ee40ee34]
module.vpc.aws_route.public_internet_gateway[0]: Creating...
module.vpc.aws_route_table_association.private_route_table_associations[0]: Creation complete after 0s [id=rtbassoc-00fef95b733890545]
module.vpc.aws_eip.nat_eip[0]: Creating...
module.vpc.aws_route_table_association.public_route_table_associations[0]: Creating...
module.vpc.aws_security_group.sg: Creation complete after 2s [id=sg-0f7cb92593e099bb7]
module.vpc.aws_route_table_association.public_route_table_associations[0]: Creation complete after 0s [id=rtbassoc-0366756b67795cab7]
module.vpc.aws_route.public_internet_gateway[0]: Creation complete after 1s [id=r-rtb-024bc74195e7078551080289494]
module.vpc.aws_eip.nat_eip[0]: Creation complete after 0s [id=eipalloc-0b5ef707c9b500d6f]
module.vpc.aws_security_group_rule.icmp-self: Creating...
module.vpc.aws_security_group_rule.ingress_ports[3]: Creating...
module.vpc.aws_security_group_rule.default_egress[0]: Creating...
module.vpc.aws_security_group_rule.ingress_ports[0]: Creating...
module.vpc.aws_security_group_rule.ingress_ports[2]: Creating...
module.vpc.aws_security_group_rule.ingress_ports[1]: Creating...
module.vpc.aws_instance.priec2[0]: Creating...
module.vpc.aws_instance.pubec2[0]: Creating...
module.vpc.aws_nat_gateway.nat_gw[0]: Creating...
module.vpc.aws_default_network_acl.default_acl: Creation complete after 3s [id=acl-0914ec9ffddcf5f57]
module.vpc.aws_security_group_rule.ingress_ports[3]: Creation complete after 1s [id=sgrule-3501364066]
module.vpc.aws_security_group_rule.icmp-self: Creation complete after 2s [id=sgrule-3123804046]
module.vpc.aws_security_group_rule.default_egress[0]: Creation complete after 2s [id=sgrule-3751525421]
module.vpc.aws_security_group_rule.ingress_ports[0]: Creation complete after 3s [id=sgrule-3035317717]
module.vpc.aws_security_group_rule.ingress_ports[2]: Creation complete after 4s [id=sgrule-3783610051]
module.vpc.aws_security_group_rule.ingress_ports[1]: Creation complete after 4s [id=sgrule-39917664]
module.vpc.aws_instance.priec2[0]: Still creating... [10s elapsed]
module.vpc.aws_instance.pubec2[0]: Still creating... [10s elapsed]
module.vpc.aws_nat_gateway.nat_gw[0]: Still creating... [10s elapsed]
module.vpc.aws_instance.priec2[0]: Still creating... [20s elapsed]
module.vpc.aws_instance.pubec2[0]: Still creating... [20s elapsed]
module.vpc.aws_nat_gateway.nat_gw[0]: Still creating... [20s elapsed]
module.vpc.aws_instance.pubec2[0]: Creation complete after 23s [id=i-0bf1427e2918a4f73]
module.vpc.aws_instance.priec2[0]: Creation complete after 24s [id=i-0a7f6a193d596fe52]
module.vpc.aws_nat_gateway.nat_gw[0]: Still creating... [30s elapsed]
module.vpc.aws_nat_gateway.nat_gw[0]: Still creating... [40s elapsed]
module.vpc.aws_nat_gateway.nat_gw[0]: Still creating... [50s elapsed]
module.vpc.aws_nat_gateway.nat_gw[0]: Still creating... [1m0s elapsed]
module.vpc.aws_nat_gateway.nat_gw[0]: Still creating... [1m10s elapsed]
module.vpc.aws_nat_gateway.nat_gw[0]: Still creating... [1m20s elapsed]
module.vpc.aws_nat_gateway.nat_gw[0]: Still creating... [1m30s elapsed]
module.vpc.aws_nat_gateway.nat_gw[0]: Still creating... [1m40s elapsed]
module.vpc.aws_nat_gateway.nat_gw[0]: Still creating... [1m50s elapsed]
module.vpc.aws_nat_gateway.nat_gw[0]: Creation complete after 1m57s [id=nat-067eed850ecff9951]
module.vpc.aws_route.private_nat_gateway[0]: Creating...
module.vpc.aws_route.private_nat_gateway[0]: Creation complete after 1s [id=r-rtb-062fca647d347e2551080289494]

Apply complete! Resources: 22 added, 0 changed, 0 destroyed.
