module.ec2.data.template_file.user_data: Refreshing state...
module.iam.data.aws_iam_policy_document.cross_account_assume_role_policy: Refreshing state...
module.iam.data.aws_iam_policy_document.role-policy-document: Refreshing state...
module.iam.data.aws_iam_policy_document.policy-document: Refreshing state...
module.ec2.aws_key_pair.key_pair: Creating...
module.iam.aws_iam_role.iam_role: Creating...
module.iam.aws_iam_policy.iam_policy: Creating...
module.vpc.aws_vpc.vpc: Creating...
module.ec2.aws_key_pair.key_pair: Creation complete after 1s [id=web_server-key_pair-prod]
module.iam.aws_iam_role.iam_role: Creation complete after 2s [id=my-security-iam_role-prod]
module.iam.aws_iam_instance_profile.iam_instance_profile: Creating...
module.iam.aws_iam_policy.iam_policy: Creation complete after 2s [id=arn:aws:iam::897213544005:policy/my-security-iam_policy-prod]
module.iam.aws_iam_policy_attachment.iam_policy_attachment: Creating...
module.vpc.aws_vpc.vpc: Creation complete after 3s [id=vpc-08a6ea89acbc60df4]
module.vpc.aws_internet_gateway.internet_gw[0]: Creating...
module.vpc.aws_subnet.public_subnets[1]: Creating...
module.vpc.aws_subnet.private_subnets[0]: Creating...
module.vpc.aws_security_group.sg: Creating...
module.vpc.aws_subnet.public_subnets[0]: Creating...
module.vpc.aws_route_table.private_route_tables[1]: Creating...
module.vpc.aws_subnet.private_subnets[1]: Creating...
module.vpc.aws_default_network_acl.default_acl: Creating...
module.iam.aws_iam_instance_profile.iam_instance_profile: Creation complete after 2s [id=my-security-iam_instance_profile-prod]
module.vpc.aws_route_table.private_route_tables[0]: Creating...
module.iam.aws_iam_policy_attachment.iam_policy_attachment: Creation complete after 2s [id=my-security-iam_policy_attachment-prod]
module.vpc.aws_route_table.public_route_tables[0]: Creating...
module.vpc.aws_route_table.private_route_tables[1]: Creation complete after 1s [id=rtb-07293dc33f20747ac]
module.alb.aws_lb_target_group.alb_target_group: Creating...
module.vpc.aws_route_table.private_route_tables[0]: Creation complete after 0s [id=rtb-008219009fb69403d]
module.vpc.aws_subnet.private_subnets[0]: Creation complete after 1s [id=subnet-04c578d3e5ddd7a66]
module.vpc.aws_subnet.private_subnets[1]: Creation complete after 1s [id=subnet-0fc9a9c6f7fc4e948]
module.vpc.aws_subnet.public_subnets[0]: Creation complete after 2s [id=subnet-0fd7044e7d4f62f12]
module.vpc.aws_subnet.public_subnets[1]: Creation complete after 2s [id=subnet-08bbd682b3cd644cd]
module.vpc.aws_internet_gateway.internet_gw[0]: Creation complete after 2s [id=igw-08f426b4918161a8f]
module.vpc.aws_route_table_association.private_route_table_associations[0]: Creating...
module.vpc.aws_route_table_association.private_route_table_associations[2]: Creating...
module.vpc.aws_route_table_association.private_route_table_associations[1]: Creating...
module.vpc.aws_route_table.public_route_tables[0]: Creation complete after 1s [id=rtb-007105b7de453dc48]
module.vpc.aws_route_table_association.private_route_table_associations[2]: Creation complete after 0s [id=rtbassoc-0e3715e2439d179a8]
module.vpc.aws_route_table_association.private_route_table_associations[1]: Creation complete after 0s [id=rtbassoc-07e7e0d66be1cec6d]
module.vpc.aws_route_table_association.private_route_table_associations[0]: Creation complete after 0s [id=rtbassoc-0e3715e2439d179a8]
module.vpc.aws_security_group.sg: Creation complete after 2s [id=sg-086118ae65dcc543d]
module.vpc.aws_route_table_association.public_route_table_associations[0]: Creating...
module.vpc.aws_route_table_association.public_route_table_associations[1]: Creating...
module.vpc.aws_route_table_association.public_route_table_associations[2]: Creating...
module.vpc.aws_route.public_internet_gateway[0]: Creating...
module.vpc.aws_security_group_rule.ingress_ports[2]: Creating...
module.vpc.aws_security_group_rule.ingress_ports[3]: Creating...
module.ec2.aws_instance.instance[0]: Creating...
module.ec2.aws_instance.instance[1]: Creating...
module.vpc.aws_route_table_association.public_route_table_associations[2]: Creation complete after 0s [id=rtbassoc-094e87b6cb5452d40]
module.vpc.aws_route_table_association.public_route_table_associations[0]: Creation complete after 0s [id=rtbassoc-094e87b6cb5452d40]
module.vpc.aws_route_table_association.public_route_table_associations[1]: Creation complete after 0s [id=rtbassoc-0c2e4c27e6f3cdebb]
module.vpc.aws_security_group_rule.ingress_ports[1]: Creating...
module.vpc.aws_security_group_rule.ingress_ports[0]: Creating...
module.vpc.aws_security_group_rule.icmp-self: Creating...
module.alb.aws_lb_target_group.alb_target_group: Creation complete after 2s [id=arn:aws:elasticloadbalancing:eu-central-1:897213544005:targetgroup/app-load-balancer-alb-tg-prod/f7cc5790abb87c27]
module.vpc.aws_route.public_internet_gateway[0]: Creation complete after 1s [id=r-rtb-007105b7de453dc481080289494]
module.vpc.aws_security_group_rule.ingress_ports[2]: Creation complete after 1s [id=sgrule-3905426137]
module.alb.aws_lb.alb: Creating...
module.vpc.aws_security_group_rule.default_egress[0]: Creating...
module.vpc.aws_default_network_acl.default_acl: Creation complete after 3s [id=acl-0a7045abc1110ed1c]
module.vpc.aws_security_group_rule.ingress_ports[3]: Creation complete after 1s [id=sgrule-349174333]
module.vpc.aws_security_group_rule.ingress_ports[1]: Creation complete after 1s [id=sgrule-1307018033]
module.vpc.aws_security_group_rule.icmp-self: Creation complete after 2s [id=sgrule-1915017295]
module.vpc.aws_security_group_rule.ingress_ports[0]: Creation complete after 2s [id=sgrule-4218281604]
module.vpc.aws_security_group_rule.default_egress[0]: Creation complete after 3s [id=sgrule-3546140435]
module.ec2.aws_instance.instance[0]: Still creating... [10s elapsed]
module.ec2.aws_instance.instance[1]: Still creating... [10s elapsed]
module.alb.aws_lb.alb: Still creating... [10s elapsed]
module.ec2.aws_instance.instance[0]: Still creating... [20s elapsed]
module.ec2.aws_instance.instance[1]: Still creating... [20s elapsed]
module.alb.aws_lb.alb: Still creating... [20s elapsed]
module.ec2.aws_instance.instance[1]: Creation complete after 28s [id=i-078d0ba2a9898096a]
module.ec2.aws_instance.instance[0]: Still creating... [30s elapsed]
module.alb.aws_lb.alb: Still creating... [30s elapsed]
module.ec2.aws_instance.instance[0]: Still creating... [40s elapsed]
module.alb.aws_lb.alb: Still creating... [40s elapsed]
module.ec2.aws_instance.instance[0]: Creation complete after 43s [id=i-0a6a2548dc3710ca1]
module.alb.aws_lb.alb: Still creating... [50s elapsed]
module.alb.aws_lb.alb: Still creating... [1m0s elapsed]
module.alb.aws_lb.alb: Still creating... [1m10s elapsed]
module.alb.aws_lb.alb: Still creating... [1m20s elapsed]
module.alb.aws_lb.alb: Still creating... [1m30s elapsed]
module.alb.aws_lb.alb: Still creating... [1m40s elapsed]
module.alb.aws_lb.alb: Still creating... [1m50s elapsed]
module.alb.aws_lb.alb: Still creating... [2m0s elapsed]
module.alb.aws_lb.alb: Still creating... [2m10s elapsed]
module.alb.aws_lb.alb: Still creating... [2m20s elapsed]
module.alb.aws_lb.alb: Creation complete after 2m24s [id=arn:aws:elasticloadbalancing:eu-central-1:897213544005:loadbalancer/app/app-load-balancer-alb-prod/57493a895d9be5c2]
module.alb.aws_lb_target_group_attachment.alb_target_group_attachment: Creating...
module.alb.aws_lb_listener.frontend_http[0]: Creating...
module.alb.aws_lb_target_group_attachment.alb_target_group_attachment: Creation complete after 0s [id=arn:aws:elasticloadbalancing:eu-central-1:897213544005:targetgroup/app-load-balancer-alb-tg-prod/f7cc5790abb87c27-20200315201642343200000001]
module.alb.aws_lb_listener.frontend_http[0]: Creation complete after 0s [id=arn:aws:elasticloadbalancing:eu-central-1:897213544005:listener/app/app-load-balancer-alb-prod/57493a895d9be5c2/867b6040d4ed87d9]

Apply complete! Resources: 35 added, 0 changed, 0 destroyed.
