arudy@ubuntuserver:~/docker$ docker-compose up --build
Building apache
Step 1/3 : FROM httpd:2.4.41-alpine
 ---> cb171b88ec92
Step 2/3 : EXPOSE 8081
 ---> Using cache
 ---> b9d1786b7ddc
Step 3/3 : COPY ./httpd/my-httpd.conf /usr/local/apache2/conf/httpd.conf
 ---> Using cache
 ---> b3c581dcc7a6
Successfully built b3c581dcc7a6
Successfully tagged docker_apache:latest
Building nginx
Step 1/4 : FROM nginx:latest
 ---> 5ad3bd0e67a9
Step 2/4 : EXPOSE 8082
 ---> Using cache
 ---> f32a36ccf531
Step 3/4 : COPY ./nginx/nginx.conf /etc/nginx/nginx.conf
 ---> Using cache
 ---> 9f223ef38767
Step 4/4 : CMD /usr/sbin/nginx -g "daemon off;"
 ---> Using cache
 ---> a4b9ef1b121e
Successfully built a4b9ef1b121e
Successfully tagged docker_nginx:latest
Building lb
Step 1/5 : FROM haproxy:1.6.15-alpine
 ---> 821f33fedd56
Step 2/5 : EXPOSE 80
 ---> Using cache
 ---> 29282cf288c3
Step 3/5 : EXPOSE 8081
 ---> Using cache
 ---> 2c0d19d7d7d8
Step 4/5 : EXPOSE 8082
 ---> Using cache
 ---> f0a0e4b4d344
Step 5/5 : COPY ./haproxy/haproxy.cfg /usr/local/etc/haproxy/haproxy.cfg
 ---> 87546efe302b
Successfully built 87546efe302b
Successfully tagged docker_lb:latest